NO_LABEL  Q137767129
NO_LABEL  Q137786082
NO_PARENT  Q33490  Cappadocia  P17=Q1747689
NO_PARENT  Q44536  Promised Land  P17=None
NO_LABEL  Q47187
NO_PARENT  Q55306  British occupation zone in Germany  P17=Q55306
NO_PARENT  Q62825  maritime republics  P17=None
NO_PARENT  Q32047  Illyria  P17=None
NO_PARENT  Q32056  Badakhshan  P17=None
NO_PARENT  Q55300  Soviet occupation zone of Germany  P17=Q2415901
NO_PARENT  Q23522  Balkans  P17=None
NO_PARENT  Q26857  Aetolia  P17=None
NO_PARENT  Q26897  Gallia Narbonensis  P17=Q1747689
NO_PARENT  Q40169  Assyria  P17=Q1747689
NO_PARENT  Q138301945  Southeast Kolkata  P17=None
NO_PARENT  Q64  Berlin  P17=Q148499
NO_PARENT  Q10971  Gallia Lugdunensis  P17=Q42834
NO_PARENT  Q35355  Sumer  P17=None
NO_PARENT  Q83228  Armenia III  P17=None
NO_PARENT  Q80338  Bengal  P17=Q129286
NO_PARENT  Q11772  Ancient Greece  P17=None
PRE_1850_P576  Q118121  Nueva Vizcaya  end=1821
PRE_1850_P576  Q136884  Lazica  end=700
NO_PARENT  Q139125  Zabulistan  P17=None
PRE_1850_P576  Q149861  Dithmarschen  end=1559
NO_PARENT  Q153553  Germania Superior  P17=Q1747689
NO_PARENT  Q189386  Zemplín  P17=None
NO_PARENT  Q83971  Tartary  P17=None
NO_LABEL  Q109057
NO_PARENT  Q159626  Württemberg  P17=Q2991474
NO_PARENT  Q170062  Pannonia  P17=Q2277
NO_PARENT  Q179293  Kingdom of Castile  P17=Q179293
NO_PARENT  Q185103  Roman Britain  P17=Q1747689
PRE_1850_P576  Q178085  Principality of Zeta  end=1516
NO_LABEL  Q181748
NO_PARENT  Q185573  Czech lands  P17=None
NO_PARENT  Q188650  Lusitania  P17=Q1747689
NO_PARENT  Q163329  Canaan  P17=None
NO_PARENT  Q131434  Noricum  P17=Q1747689
NO_PARENT  Q103251  Macedonia  P17=Q12560
NO_PARENT  Q199728  Cisalpine Gaul  P17=Q1747689
NO_PARENT  Q207497  Macedonia  P17=Q1747689
NO_PARENT  Q210718  Asia  P17=Q2277
NO_PARENT  Q221353  Arabia Petraea  P17=Q1747689
NO_PARENT  Q213651  Gandhara  P17=None
NO_PARENT  Q216786  Champa  P17=Q216786
NO_LABEL  Q140360
NO_PARENT  Q154974  Margiana  P17=None
NO_PARENT  Q152136  Germania Inferior  P17=Q1747689
NO_PARENT  Q156789  Raetia  P17=Q1747689
NO_PARENT  Q183324  Transoxiana  P17=None
NO_PARENT  Q183431  Orestis  P17=None
NO_PARENT  Q184313  Magna Graecia  P17=None
NO_PARENT  Q186513  Hispania  P17=Q1747689
PRE_1850_P576  Q173082  Dacia  end=106
NO_PARENT  Q196974  Zeugitana  P17=None
NO_PARENT  Q204772  Achaea  P17=Q1747689
PRE_1850_P576  Q282428  Mamluk Sultanate  end=1517
NO_PARENT  Q269678  ancient Near East  P17=None
NO_PARENT  Q249561  Paeonia  P17=None
NO_PARENT  Q246373  Operational Zone of the Adriatic Littoral  P17=Q153660
NO_PARENT  Q260437  Atropatene  P17=None
NO_PARENT  Q202311  Roman Egypt  P17=Q1747689
NO_PARENT  Q204802  Aquitania prima  P17=Q1747689
NO_PARENT  Q216791  Hispania Tarraconensis  P17=Q1747689
NO_PARENT  Q179997  Thirteen Colonies  P17=Q161885
NO_PARENT  Q206443  Gallia Belgica  P17=Q1747689
NO_PARENT  Q207118  Roman Syria  P17=Q1747689
NO_PARENT  Q304840  Jibal  P17=Q8575586
NO_PARENT  Q281345  Corsica and Sardinia  P17=Q1747689
NO_PARENT  Q305516  Abantes  P17=None
NO_PARENT  Q155578  Anhalt  P17=None
NO_PARENT  Q181238  Africa  P17=Q1747689
NO_PARENT  Q248452  British North America  P17=Q161885
NO_PARENT  Q371291  Britannia Prima  P17=None
NO_PARENT  Q199499  Moesia  P17=None
NO_PARENT  Q219415  Hispania Baetica  P17=Q1747689
NO_PARENT  Q322218  East Elbia  P17=None
NO_PARENT  Q324056  Kurmark  P17=Q148499
NO_PARENT  Q330785  Ü-Tsang  P17=None
NO_PARENT  Q253018  Viking Age Norway  P17=None
NO_PARENT  Q378855  Bottiaea  P17=None
NO_PARENT  Q385084  Great Perm  P17=None
NO_PARENT  Q410453  Aethiopia  P17=None
NO_PARENT  Q372726  Crusis  P17=None
NO_PARENT  Q373189  Bithynia  P17=Q1747689
NO_PARENT  Q369692  Gallaecia  P17=Q1747689
NO_PARENT  Q368405  Tres Alpes  P17=None
NO_PARENT  Q309270  Alpes Maritimae  P17=Q1747689
NO_PARENT  Q314222  Kurhessen Province  P17=Q1206012
PRE_1850_P576  Q295985  Usora  end=1463
NO_PARENT  Q481189  Amtshauptmannschaft Borna  P17=Q153015
NO_PARENT  Q489961  West Friesland  P17=None
NO_PARENT  Q492046  Marhasi  P17=None
NO_PARENT  Q476033  Low Countries  P17=None
NO_PARENT  Q500353  Gibe region  P17=None
NO_PARENT  Q457102  Upper Saxony  P17=None
NO_PARENT  Q463459  Samnium  P17=Q1747689
NO_PARENT  Q474314  German Bohemia  P17=None
NO_PARENT  Q360922  Alpes Graiae  P17=None
NO_PARENT  Q555528  Spanish Florida  P17=Q80702
NO_PARENT  Q497958  Idumea  P17=None
NO_PARENT  Q576596  Michałów Land  P17=Q172107
NO_PARENT  Q578187  Hakkari  P17=None
NO_PARENT  Q550369  Northern Epirus  P17=None
NO_PARENT  Q521864  Central Provinces  P17=Q129286
NO_PARENT  Q547241  Hen Ogledd  P17=None
NO_PARENT  Q599110  Raška  P17=None
NO_PARENT  Q615945  Phrygia II  P17=None
PRE_1850_P576  Q620765  Lydia  end=546
PRE_1850_P576  Q620864  Cilicia  end=1375
NO_PARENT  Q611162  oprichnina  P17=Q186096
PRE_1850_P576  Q623322  Alpes Cottiae  end=476
PRE_1850_P576  Q647897  Yotvingia  end=1442
NO_PARENT  Q596239  Allied-occupied Austria  P17=None
NO_PARENT  Q609850  Rus  P17=Q1108445
NO_PARENT  Q559336  Ottoman Hungary  P17=None
NO_PARENT  Q592272  Yehud Medinata  P17=Q389688
NO_PARENT  Q472780  Canavese  P17=None
NO_PARENT  Q501768  Barbary Coast  P17=None
NO_PARENT  Q512486  Sharq al-Andalus  P17=Q6159007
NO_PARENT  Q634977  Praevalitana  P17=None
NO_PARENT  Q660100  Alpes Poeninae  P17=Q2277
NO_PARENT  Q669814  Sittacene  P17=None
PRE_1850_P576  Q667187  Freie Ämter  end=1798
NO_PARENT  Q677487  Nueva Extremadura  P17=None
NO_PARENT  Q678658  Kwantung Leased Territory  P17=Q188712
NO_PARENT  Q522421  Aquitania Secunda  P17=Q1747689
NO_PARENT  Q543065  Bardengau  P17=None
NO_LABEL  Q556107
NO_PARENT  Q635058  Thracia  P17=Q1747689
NO_PARENT  Q660702  Further Austria  P17=Q12548
NO_PARENT  Q665221  Sisgau  P17=None
NO_PARENT  Q670837  Moesia Superior  P17=Q1747689
NO_PARENT  Q682900  Maxima Sequanorum  P17=Q1747689
NO_PARENT  Q693911  Bizone  P17=Q2415901
NO_PARENT  Q641116  substate of Hanover  P17=None
NO_PARENT  Q625101  Keishō-hoku Prefecture  P17=Q503585
NO_PARENT  Q538626  Insular Brittany  P17=None
NO_PARENT  Q569998  Trizone  P17=Q2415901
NO_PARENT  Q598153  Kingdom of Hordaland  P17=None
NO_PARENT  Q685537  Britannia Inferior  P17=Q1747689
NO_PARENT  Q692775  Creta et Cyrenaica  P17=Q1747689
NO_PARENT  Q701914  Territory of the Military Commander in Serbia  P17=None
PRE_1850_P576  Q669315  Northwest Territory  end=1803
PRE_1850_P576  Q706553  County of Nice  end=1818
NO_PARENT  Q701967  Japanese occupation of Hong Kong  P17=None
NO_PARENT  Q734505  Mauretania Caesariensis  P17=Q1747689
PRE_1850_P576  Q672700  Arkansas Territory  end=1836
NO_PARENT  Q650788  Hispania Carthaginensis  P17=Q1747689
NO_PARENT  Q642188  Upper Pannonia  P17=Q2277
NO_PARENT  Q574098  Nepal Mandala  P17=None
NO_PARENT  Q584624  Arsania  P17=None
NO_PARENT  Q748300  Louisiana  P17=Q3399982
PRE_1850_P576  Q777763  Indiana Territory  end=1816
NO_PARENT  Q807748  Barbaricum  P17=None
NO_PARENT  Q713768  Japanese occupation of Malaya  P17=None
NO_PARENT  Q691321  Sicilia  P17=Q1747689
NO_PARENT  Q715376  Gallia Aquitania  P17=Q1747689
NO_PARENT  Q657484  Black Ruthenia  P17=None
PRE_1850_P576  Q660384  Mississippi Territory  end=1817
NO_PARENT  Q819411  Neumark  P17=Q324056
NO_PARENT  Q639861  Mygdonia  P17=None
NO_PARENT  Q794451  Azzi  P17=None
NO_PARENT  Q851761  Midian  P17=None
NO_PARENT  Q841916  Pannonia Valeria  P17=None
NO_LABEL  Q845430
NO_PARENT  Q753824  Illyricum  P17=Q1747689
NO_PARENT  Q765845  Mesopotamia  P17=Q1747689
NO_PARENT  Q782304  Egerland  P17=Q42585
NO_PARENT  Q830896  Epirus Nova  P17=None
NO_PARENT  Q845909  Scythia  P17=None
PRE_1850_P576  Q661110  County of Kladsko  end=1818
NO_LABEL  Q798168
NO_LABEL  Q808189
NO_PARENT  Q818606  Metohija  P17=None
NO_PARENT  Q872748  Traungau  P17=None
NO_PARENT  Q821085  Polish occupation zone in Germany  P17=None
NO_PARENT  Q846492  Daxia  P17=Q7209
NO_PARENT  Q853168  Banate  P17=None
NO_PARENT  Q864950  Bipp  P17=None
NO_PARENT  Q747040  Hispania Ulterior  P17=Q1747689
NO_PARENT  Q748818  Dacia Inferior  P17=Q1747689
PRE_1850_P576  Q769617  Iowa Territory  end=1846
NO_PARENT  Q831791  Germania Secunda  P17=None
NO_PARENT  Q723580  Septimania  P17=None
NO_PARENT  Q922498  Gilead  P17=None
NO_PARENT  Q918056  Britannia Secunda  P17=Q1747689
NO_PARENT  Q913382  Bithynia et Pontus  P17=Q1747689
NO_PARENT  Q811998  Bavaria Slavica  P17=None
NO_PARENT  Q816216  Belu  P17=None
NO_PARENT  Q823244  Decapolis  P17=None
NO_PARENT  Q912843  South Brabant  P17=Q15864
NO_PARENT  Q903966  Viking Age Faroe Islands  P17=None
NO_PARENT  Q944737  island territory of the Netherlands Antilles  P17=Q25227
PRE_1850_P576  Q960681  Humska zemlja  end=1481
NO_PARENT  Q947616  Rascia  P17=None
NO_PARENT  Q785035  Province of Georgia  P17=Q161885
NO_PARENT  Q918059  Britannia Superior  P17=Q1747689
NO_PARENT  Q934644  Republic of Serbia  P17=Q37024
NO_PARENT  Q1002386  Bugem  P17=None
NO_PARENT  Q1018744  Byzacena  P17=Q1747689
NO_PARENT  Q879466  Roman Gaul  P17=Q1747689
NO_PARENT  Q1055740  Perea  P17=None
NO_PARENT  Q827501  Dardania  P17=Q12544
NO_PARENT  Q1048669  Latium  P17=Q1747689
NO_PARENT  Q1044394  Province of Carolina  P17=Q179876
NO_PARENT  Q971609  Dacia  P17=Q1747689
NO_PARENT  Q913582  Roman Italy  P17=Q1747689
NO_PARENT  Q1003997  Judaea  P17=Q2277
NO_LABEL  Q1092877
NO_PARENT  Q1054576  March of Treviso  P17=None
PRE_1850_P576  Q1151682  Sixteen Prefectures  end=1271
NO_PARENT  Q1157079  Aram  P17=None
NO_LABEL  Q1129633
NO_LABEL  Q1134170
NO_PARENT  Q1007736  Transalpine Gaul  P17=Q1747689
NO_PARENT  Q1165546  Mosquitia  P17=Q1165546
NO_PARENT  Q1185346  Demerara  P17=None
NO_PARENT  Q1196595  Scythia Minor  P17=Q1747689
PRE_1850_P576  Q1186251  Wisconsin Territory  end=1848
NO_PARENT  Q1230162  Tsongkha  P17=None
PRE_1850_P576  Q1244742  Mauretania Tingitana  end=258
NO_PARENT  Q1156891  Dacia Ripensis  P17=None
NO_LABEL  Q1157746
NO_PARENT  Q1247297  Lower Pannonia  P17=Q1747689
NO_PARENT  Q1247667  Lynkestis  P17=None
NO_PARENT  Q1279034  Old Serbia  P17=None
NO_PARENT  Q1089994  Khuzestan  P17=None
NO_LABEL  Q1237916
NO_PARENT  Q1052158  CdZ-Gebiet Kärnten und Krain  P17=None
NO_PARENT  Q1311271  Eisenach Upland  P17=Q155570
PRE_1850_P576  Q1187087  Florida Territory  end=1845
NO_PARENT  Q1330965  Dalmatia  P17=Q1747689
NO_PARENT  Q1246140  Lycia et Pamphylia  P17=Q1747689
NO_PARENT  Q1254480  Roman Armenia  P17=Q1747689
NO_PARENT  Q1123749  Coele-Syria  P17=Q93180
NO_PARENT  Q1126678  Hispania Citerior  P17=Q1747689
NO_PARENT  Q1303676  Sophene  P17=Q208404
NO_LABEL  Q1218468
PRE_1850_P576  Q1360064  Michigan Territory  end=1837
NO_PARENT  Q1315785  Turkestan  P17=None
NO_PARENT  Q1255722  Graul  P17=Q12548
NO_PARENT  Q1280728  Abilene  P17=None
NO_PARENT  Q1320053  German-occupied Europe  P17=None
NO_PARENT  Q1322562  Vaspurakan  P17=Q208404
NO_PARENT  Q1148125  Lesser Armenia  P17=None
NO_PARENT  Q1150706  Kalinga  P17=None
NO_LABEL  Q1268387
NO_PARENT  Q1227719  Moesia Inferior  P17=Q1747689
PRE_1850_P576  Q1315810  Mexican Texas  end=1836
NO_PARENT  Q1327635  Paropamisadae  P17=None
NO_PARENT  Q1408764  Circassia  P17=None
NO_PARENT  Q1415162  Garðaríki  P17=None
PRE_1850_P576  Q1425202  West Florida  end=1821
NO_PARENT  Q1370013  Codanus sinus  P17=None
NO_LABEL  Q1494560
PRE_1850_P576  Q1368026  Lingnan  end=917
NO_PARENT  Q1435268  Chaonia  P17=None
NO_PARENT  Q1452210  Neustria  P17=Q854415
NO_PARENT  Q1514139  Germania prima  P17=Q1747689
NO_PARENT  Q1516702  Valentia  P17=None
NO_PARENT  Q1249412  Galatia  P17=Q1747689
NO_LABEL  Q1349292
NO_LABEL  Q1540069
NO_LABEL  Q1541697
NO_PARENT  Q1551054  Israelite period  P17=None
NO_PARENT  Q1427468  Flavia Caesariensis  P17=None
NO_PARENT  Q1467406  Maxima Caesariensis  P17=None
NO_PARENT  Q1312454  Pokuttia  P17=None
NO_PARENT  Q1316291  Parauaea  P17=None
NO_PARENT  Q1521458  Imerina  P17=None
NO_PARENT  Q1422806  Alta California  P17=Q80702
PRE_1850_P576  Q1429914  Magan  end=550
NO_PARENT  Q1567711  Haemimontus  P17=None
NO_LABEL  Q1602584
NO_LABEL  Q1339709
NO_PARENT  Q1356549  Yishuv  P17=None
NO_PARENT  Q1360692  Slave Coast  P17=None
PRE_1850_P576  Q1658828  Illinois Territory  end=1818
NO_PARENT  Q1527957  Rund um Berlin  P17=Q1206012
NO_LABEL  Q1537459
PRE_1850_P576  Q1515638  Missouri Territory  end=1821
PRE_1850_P576  Q1518439  Territory of Orleans  end=1812
NO_PARENT  Q1635428  Upper Germany  P17=None
NO_PARENT  Q1625297  Holwan  P17=Q11767
NO_PARENT  Q1564752  Pannonia  P17=Q12544
NO_PARENT  Q1429935  South Arabia  P17=None
NO_PARENT  Q1684110  Repubblica delle Tre Pievi  P17=None
NO_PARENT  Q1728546  Caphtor  P17=None
NO_LABEL  Q1606114
NO_PARENT  Q1607442  Acolhuacan  P17=Q794210
NO_PARENT  Q1645483  Parthia  P17=None
NO_LABEL  Q1760587
NO_PARENT  Q1801987  Lauenburg and Bütow Land  P17=Q172107
PRE_1850_P576  Q1775152  Upper Austria  end=1665
PRE_1850_GLOSS  Q1669475  Republic of Poljica  gloss_max=1807  "historical semi-autonomous community in Croatia, dissolved in 1807"
NO_PARENT  Q1669578  Syria Palaestina  P17=Q2277
PRE_1850_P576  Q1548588  Southwest Territory  end=1796
NO_PARENT  Q1569278  Province of Limburg  P17=Q15864
NO_PARENT  Q1793210  Upper Meinigen  P17=None
NO_LABEL  Q1800885
NO_LABEL  Q1865906
NO_PARENT  Q1751941  Raetia Secunda  P17=None
NO_PARENT  Q1742404  Land of Kir  P17=None
PRE_1850_P576  Q1814493  Alabama Territory  end=1819
NO_PARENT  Q1828394  County of Guelders  P17=Q12548
NO_PARENT  Q1720869  Scandza  P17=None
NO_PARENT  Q1761310  Tauria  P17=None
NO_PARENT  Q1770351  East Florida  P17=None
NO_PARENT  Q1666007  Lüderitz territory  P17=None
NO_PARENT  Q1818263  Great Russia  P17=None
NO_PARENT  Q1779996  Upper Macedonia  P17=None
NO_LABEL  Q1688937
NO_PARENT  Q2010712  Oberrheingau  P17=None
NO_PARENT  Q2029798  Armenian-occupied territories surrounding Nagorno-Karabakh  P17=None
NO_LABEL  Q2030893
NO_LABEL  Q2038078
NO_PARENT  Q1803166  Friedland District  P17=None
NO_PARENT  Q1820754  Epirus  P17=None
NO_LABEL  Q1922845
NO_PARENT  Q1991084  White Serbia  P17=None
NO_PARENT  Q1898978  Lower Macedonia  P17=None
NO_PARENT  Q1948779  Morvois  P17=None
NO_LABEL  Q2051785
NO_PARENT  Q2027176  Berestia  P17=None
NO_PARENT  Q1814277  Catepanate of Italy  P17=None
NO_PARENT  Q2084400  Thessaliotis  P17=None
NO_LABEL  Q1980265
NO_PARENT  Q1972816  Ubykhia  P17=None
NO_PARENT  Q2280003  Utik  P17=Q208404
NO_PARENT  Q2071857  Persarmenia  P17=Q208404
NO_PARENT  Q2080099  Allied administration of Libya  P17=None
NO_PARENT  Q2208978  Alamannia  P17=Q146246
NO_LABEL  Q2275733
NO_PARENT  Q2087911  Slawiya  P17=None
NO_PARENT  Q2352322  Khorasan  P17=Q12536
NO_PARENT  Q2387466  historical regions of the Balkans  P17=None
NO_PARENT  Q2347909  East Bengal  P17=Q2006542
NO_PARENT  Q2370577  Ancient Libya  P17=None
NO_PARENT  Q2502354  Principality of Goroden  P17=None
NO_PARENT  Q2513167  Province of South Carolina  P17=Q161885
NO_PARENT  Q2516917  Albanian Pashaliks  P17=Q12560
NO_LABEL  Q2339361
NO_LABEL  Q2565533
NO_LABEL  Q2478937
NO_PARENT  Q2369687  Susiana  P17=Q93180
NO_PARENT  Q2398050  Samurzakano  P17=None
NO_PARENT  Q2604816  Pannonia Secunda  P17=Q2277
NO_PARENT  Q2325193  Austria  P17=Q854415
NO_PARENT  Q2542709  Crestonia  P17=Q83958
NO_PARENT  Q2478838  Patani  P17=None
NO_PARENT  Q2627602  Mukhrani  P17=None
NO_LABEL  Q2638801
NO_LABEL  Q2563666
NO_LABEL  Q2316262
NO_PARENT  Q2334526  Province of North Carolina  P17=Q161885
NO_PARENT  Q2420241  Bisaltia  P17=None
NO_LABEL  Q2509499
NO_PARENT  Q2526330  Dersim Sanjak  P17=Q12560
NO_PARENT  Q2357000  Provincia Oriental  P17=Q2625228
NO_PARENT  Q2360881  Moxoene  P17=Q208404
NO_PARENT  Q2557254  Gugark  P17=Q208404
NO_PARENT  Q2662372  Principality of Minsk  P17=None
PRE_1850_P576  Q2481399  Osrūshana  end=893
NO_LABEL  Q2827120
NO_LABEL  Q2827314
NO_PARENT  Q2455975  Venetia  P17=None
NO_PARENT  Q2469395  Historical Bashkortostan  P17=None
NO_PARENT  Q2528747  Rhodope  P17=None
NO_PARENT  Q2617267  Ottoman Iraq  P17=Q12560
NO_PARENT  Q2870967  Augustamnica  P17=None
NO_LABEL  Q2752138
NO_PARENT  Q2479533  Batanaea  P17=None
PRE_1850_P576  Q2505587  Spanish Texas  end=1821
NO_PARENT  Q2909425  Ottoman Palestine  P17=Q12560
NO_PARENT  Q2981019  Ostikanate of Arminiya  P17=None
PRE_1850_P576  Q2534729  Tournaisis  end=1794
NO_LABEL  Q2859646
NO_LABEL  Q2738334
NO_PARENT  Q2746547  Bagrevand  P17=Q208404
NO_PARENT  Q3032736  Djahy  P17=None
PRE_1850_P576  Q3041374  Dunois  end=1789
NO_PARENT  Q2985747  Chech  P17=None
NO_PARENT  Q2989320  Edeirnion  P17=Q25
NO_PARENT  Q2967757  Cyprus  P17=Q1747689
PRE_1850_P576  Q2805976  Holland  end=1840
NO_LABEL  Q2831879
NO_LABEL  Q3112838
NO_PARENT  Q3076765  Ottoman Syria  P17=Q12560
NO_PARENT  Q2859371  Arabia Deserta  P17=Q1747689
NO_PARENT  Q2821893  Abrettene  P17=Q12560
NO_PARENT  Q2866670  Asir  P17=None
NO_PARENT  Q3148943  Imamo  P17=None
NO_PARENT  Q3296890  Ariana  P17=None
NO_PARENT  Q3060427  Euphratensis  P17=Q12544
NO_PARENT  Q3081183  Francie  P17=None
NO_LABEL  Q2938151
NO_PARENT  Q3324459  Serbian Vojvodina  P17=None
NO_PARENT  Q3326018  Bardulia  P17=None
NO_PARENT  Q3273730  Ancient Peru  P17=None
NO_LABEL  Q3366119
NO_LABEL  Q3072765
NO_PARENT  Q3355895  Oretania  P17=None
NO_LABEL  Q3394309
NO_PARENT  Q3395150  Deuriopus  P17=None
NO_PARENT  Q3396685  Pontus Polemoniacus  P17=Q1747689
NO_PARENT  Q3402926  Staffordshire Potteries  P17=Q161885
NO_PARENT  Q3435520  Hindush  P17=None
NO_PARENT  Q3409210  Emathia  P17=None
NO_PARENT  Q3446235  Kingdom of Vestfold  P17=None
PRE_1850_P576  Q3446192  Land  end=700
NO_PARENT  Q3274024  Palaestina Prima  P17=Q12544
NO_PARENT  Q3216325  Tibet under Yuan administrative rule  P17=Q7313
NO_PARENT  Q3276835  Al-Magreb al-Aqsa  P17=None
NO_PARENT  Q3557971  Viennensis  P17=None
PRE_1850_P576  Q3272186  Kymmenegård County  end=1831
PRE_1850_P576  Q3279296  Sweden-Finland  end=1809
NO_PARENT  Q3626028  Dacia Mediterranea  P17=Q1747689
NO_PARENT  Q3593523  Insulae  P17=None
NO_PARENT  Q3446182  Kingdom of Hedmark  P17=None
NO_PARENT  Q3320446  Hispania Balearica  P17=Q1747689
NO_PARENT  Q3651807  Campania Felix  P17=None
NO_PARENT  Q3276842  Al-Maghrib al-Awsat  P17=None
NO_LABEL  Q3277175
NO_LABEL  Q3634569
NO_PARENT  Q3651369  Vanand  P17=Q208404
NO_PARENT  Q3625641  Achaemenid Assyria  P17=None
NO_PARENT  Q3651873  Abzhywa  P17=None
NO_PARENT  Q3719711  Edonis  P17=None
PRE_1850_P576  Q3360048  Pashalik of Timbuktu  end=1833
NO_PARENT  Q3408429  Province of Nicaragua and Costa Rica  P17=Q80702
NO_PARENT  Q3446218  Kingdom of Rogaland  P17=None
NO_PARENT  Q3446236  Kingdom of Vestmar  P17=None
NO_PARENT  Q3754835  Old Catalonia  P17=Q31929
NO_PARENT  Q3716754  Tripolitania  P17=None
NO_LABEL  Q3556736
NO_LABEL  Q3779553
PRE_1850_P576  Q3446219  Ringerike  end=700
NO_PARENT  Q3651804  Campania  P17=Q1747689
NO_LABEL  Q3652008
NO_LABEL  Q3813629
NO_LABEL  Q3817737
NO_LABEL  Q3827086
NO_PARENT  Q3880945  Odomantica  P17=None
NO_PARENT  Q3853673  Media  P17=None
NO_PARENT  Q3878417  Noricum  P17=Q1747689
NO_LABEL  Q3924487
NO_LABEL  Q3940573
NO_LABEL  Q3924497
NO_PARENT  Q3934036  Raetia Prima  P17=None
NO_PARENT  Q3918738  Nalšia  P17=Q49683
NO_PARENT  Q3555938  Cataonia  P17=None
NO_PARENT  Q3893371  Pannonia Savia  P17=None
NO_PARENT  Q3960039  Sicania  P17=None
NO_PARENT  Q3961944  Sintice  P17=None
NO_PARENT  Q4069598  Armenia  P17=None
NO_PARENT  Q4020525  Wisu  P17=None
NO_PARENT  Q3652329  World Road Cycling Championships - Women U19 RR  P17=None
NO_LABEL  Q4110981
NO_LABEL  Q3924485
NO_LABEL  Q4120635
NO_LABEL  Q3924486
NO_LABEL  Q3924639
NO_LABEL  Q3827412
NO_PARENT  Q3854790  Maeotian Swamp  P17=None
NO_PARENT  Q4082590  White Karelia  P17=None
NO_LABEL  Q4159806
NO_LABEL  Q4174039
NO_PARENT  Q4221249  Cyrenaica  P17=Q1747689
NO_PARENT  Q4199150  Ilaq  P17=None
NO_LABEL  Q4072469
NO_PARENT  Q4076937  Pomorze  P17=None
NO_PARENT  Q4263933  Lithuanian Rus'  P17=None
NO_LABEL  Q3924488
NO_LABEL  Q3924677
NO_PARENT  Q4083684  Bengal Subah  P17=Q33296
NO_PARENT  Q4198215  Izhora land  P17=None
NO_PARENT  Q3984618  Terre Arnolfe  P17=None
NO_LABEL  Q4312017
NO_PARENT  Q4204966  Eastern Silesia  P17=None
NO_PARENT  Q4121865  Fars (land)  P17=None
NO_PARENT  Q4217876  Cutch State  P17=None
NO_PARENT  Q4420036  Singapore in the Straits Settlements  P17=Q871091
NO_PARENT  Q4351573  Vychegda Perm  P17=None
NO_PARENT  Q4167959  Ancient Armenia  P17=None
NO_LABEL  Q4335405
NO_PARENT  Q4126544  Black Sea littoral  P17=None
NO_PARENT  Q4130481  Vyatka Land  P17=None
NO_PARENT  Q4385654  Spanish Main  P17=None
NO_LABEL  Q4155757
NO_LABEL  Q4387837
NO_LABEL  Q4267420
NO_LABEL  Q4390369
NO_LABEL  Q4495156
NO_PARENT  Q4524211  Shirak  P17=Q2622868
NO_PARENT  Q4819648  Cilicia  P17=Q1747689
NO_PARENT  Q4896236  Gabeghyank  P17=Q208404
NO_PARENT  Q4532871  Estland  P17=None
NO_PARENT  Q4896786  Palaestina Salutaris  P17=None
NO_PARENT  Q4793338  Iranian Armenia  P17=Q83311
NO_PARENT  Q4740621  Amatongaland  P17=None
NO_LABEL  Q4883989
NO_LABEL  Q5300249
NO_PARENT  Q4854736  Heptanomis  P17=Q11768
NO_PARENT  Q5148524  Colopene  P17=None
NO_PARENT  Q5403183  Itatín  P17=Q80702
NO_PARENT  Q5285024  Diyar Bakr  P17=None
NO_PARENT  Q5255160  Demerara-Essequibo  P17=None
NO_PARENT  Q5285028  Diyar Mudar  P17=None
NO_PARENT  Q5641634  Trapananda  P17=Q763808
NO_PARENT  Q5674348  Schleswig  P17=None
NO_PARENT  Q5600438  Greater Armenia  P17=None
NO_LABEL  Q5588299
NO_LABEL  Q5650461
PRE_1850_P576  Q5296194  Donji Kraji  end=1463
NO_PARENT  Q5726957  Irahistan  P17=None
NO_PARENT  Q5412023  Europa  P17=Q2277
NO_PARENT  Q5625857  Transpadane Gaul  P17=None
NO_PARENT  Q5326737  Early Scandinavian Dublin  P17=None
NO_PARENT  Q6072299  Iron Age Scandinavia  P17=None
PRE_1850_P576  Q6088742  Transduriana  end=15
NO_PARENT  Q6088872  Provincia de Quito  P17=Q80702
NO_LABEL  Q6104759
NO_PARENT  Q5997615  Ilercavonia  P17=Q186513
NO_LABEL  Q5556616
NO_LABEL  Q5970418
NO_PARENT  Q6173784  Andean world  P17=None
NO_PARENT  Q6088785  Province of Comayagua  P17=Q80702
NO_LABEL  Q6088886
PRE_1850_P576  Q6360367  Venetian Province  end=1805
NO_PARENT  Q6088881  Province of San Salvador  P17=Q80702
NO_LABEL  Q6411523
NO_PARENT  Q6104743  Kingdom of Gudbrandsdalen  P17=None
NO_PARENT  Q6645669  Pannonia Prima  P17=Q2277
NO_PARENT  Q6546893  Liguria  P17=Q1747689
NO_PARENT  Q6581823  Southern Netherlands  P17=None
NO_PARENT  Q6723037  Macednon  P17=None
NO_PARENT  Q7126539  Palaestina Secunda  P17=Q1747689
NO_PARENT  Q7067585  Nsundi  P17=Q796583
NO_PARENT  Q7361934  Roman Crimea  P17=None
PRE_1850_P576  Q7075820  Occupied Enemy Territory Administration  end=1820
PRE_1850_P576  Q7191665  Piemare  end=1253
NO_PARENT  Q7429971  Scandinavian Scotland  P17=None
NO_PARENT  Q7540210  Sliabh gCua  P17=Q22890
NO_LABEL  Q7251342
PRE_1850_P576  Q7557747  Soli  end=14
NO_PARENT  Q7541576  Slovak lands  P17=None
NO_PARENT  Q8052798  Yesha  P17=None
NO_PARENT  Q7987095  Torshiz  P17=Q3708094
NO_PARENT  Q7596623  Stafford GP  P17=None
NO_PARENT  Q7899469  Upu  P17=None
NO_PARENT  Q7676514  Taiwan, China  P17=None
NO_PARENT  Q8247313  Baeturia  P17=None
NO_LABEL  Q8460470
NO_PARENT  Q9030702  Mauretania Sitifensis  P17=Q1747689
NO_PARENT  Q8731159  occupation zone  P17=None
NO_LABEL  Q9269137
NO_LABEL  Q9270441
NO_LABEL  Q9270449
NO_LABEL  Q9273858
NO_PARENT  Q9387110  Civil Administration of the Eastern Lands  P17=None
NO_LABEL  Q9391113
NO_LABEL  Q9391112
NO_PARENT  Q9269200  Bratoszewice  P17=Q211274
NO_LABEL  Q9271692
NO_LABEL  Q9272831
NO_LABEL  Q9272086
NO_PARENT  Q9352916  Land of Sądecka  P17=Q172107
NO_PARENT  Q9344226  Hellenistic Palestine  P17=Q93180
NO_PARENT  Q9067840  Isle of Man in the Viking age  P17=None
NO_PARENT  Q9324216  Novgorodian Land  P17=Q1108445
NO_LABEL  Q9270956
NO_LABEL  Q9271831
NO_LABEL  Q9273378
NO_PARENT  Q9696274  Grão-Pará Captaincy  P17=Q200464
NO_LABEL  Q9391103
NO_LABEL  Q9391121
NO_LABEL  Q9391130
NO_LABEL  Q9268921
NO_LABEL  Q9305853
NO_LABEL  Q9391116
NO_PARENT  Q10376643  Södermanland  P17=None
NO_PARENT  Q10685826  Viking Age Sweden  P17=None
NO_PARENT  Q10423734  甄  P17=None
NO_PARENT  Q10726489  Axis occupation of Serbia  P17=None
NO_LABEL  Q10865936
NO_PARENT  Q10949994  Scotia  P17=None
NO_PARENT  Q11040339  Curonia  P17=None
NO_LABEL  Q10988618
NO_LABEL  Q11181328
NO_PARENT  Q10979109  Deltuva  P17=Q49683
NO_PARENT  Q11134689  Jiangzhe Province  P17=Q7313
NO_PARENT  Q11294948  Arsharunik  P17=Q208404
NO_PARENT  Q10857476  Athamania  P17=None
NO_LABEL  Q11203971
NO_LABEL  Q11242592
NO_PARENT  Q10749897  Ancient Hawaii  P17=None
NO_LABEL  Q11065042
NO_PARENT  Q11753219  Liauda  P17=None
NO_LABEL  Q11783924
NO_PARENT  Q11802354  Holy Land during Byzantine rule  P17=Q12544
NO_LABEL  Q10938936
NO_LABEL  Q11872279
NO_LABEL  Q11838447
NO_PARENT  Q11946876  Sangibirtu  P17=Q185068
PRE_1850_P576  Q11888681  Porin lääni  end=1646
NO_PARENT  Q11906176  Apamene  P17=Q93180
NO_PARENT  Q11911021  Camisene  P17=None
NO_LABEL  Q11918868
NO_PARENT  Q11931074  Laconia  P17=Q5690
NO_PARENT  Q11936201  Matiana  P17=Q93180
NO_PARENT  Q11939100  Noricum Ripense  P17=None
NO_PARENT  Q11939541  Oritania  P17=Q83891
NO_PARENT  Q11950671  Syria I  P17=Q12544
NO_PARENT  Q11955829  Hollow Elis  P17=None
NO_PARENT  Q11921790  Phoenice I  P17=None
NO_PARENT  Q11904713  Alaba wa-l-Kila  P17=None
NO_PARENT  Q11906377  Arbayistan Satrapy  P17=None
NO_PARENT  Q11921789  Phoenice II  P17=None
NO_LABEL  Q11931112
NO_PARENT  Q11936588  Mesene  P17=Q1062946
NO_PARENT  Q11917991  Edetania  P17=None
NO_LABEL  Q11919511
NO_PARENT  Q11929767  Khargi  P17=Q41137
NO_PARENT  Q11929891  Kogovit  P17=Q208404
NO_PARENT  Q11939056  Numidia Cirtensis  P17=None
NO_LABEL  Q11700445
NO_PARENT  Q11954417  Vegueria de Montblanc  P17=None
NO_PARENT  Q11700300  Kliszów  P17=Q211274
NO_PARENT  Q12277185  Dacia Superior  P17=Q2277
NO_LABEL  Q12278948
NO_LABEL  Q12141899
NO_LABEL  Q12273397
NO_LABEL  Q12282685
NO_PARENT  Q12389905  Galicia in the Visigothic Kingdom  P17=Q2940142
NO_PARENT  Q11938232  Moesia Secunda  P17=None
NO_PARENT  Q11939098  Noricum mediterraneum  P17=None
NO_PARENT  Q11939617  Osroene  P17=Q12544
NO_LABEL  Q11876124
NO_LABEL  Q11904590
NO_LABEL  Q12293446
NO_LABEL  Q12298947
NO_PARENT  Q12405889  Daroma  P17=None
NO_LABEL  Q12283907
NO_LABEL  Q12141434
NO_PARENT  Q12166866  Ottoman Ukraine  P17=Q12560
NO_PARENT  Q12404132  Roman Asia Minor  P17=Q2277
NO_PARENT  Q11950673  Syria II  P17=None
NO_PARENT  Q12270914  Tres Daciae  P17=Q2277
NO_LABEL  Q12284808
NO_PARENT  Q12407080  early Islamic period in Palestine  P17=Q12490507
NO_PARENT  Q12663149  Lietuva  P17=Q49683
NO_LABEL  Q12034187
NO_PARENT  Q12401126  Tishsina  P17=Q4496560
NO_PARENT  Q11917052  Diacopene  P17=None
NO_PARENT  Q11923208  Phrygia Prima  P17=None
NO_LABEL  Q12669400
NO_PARENT  Q11948117  Selenitis  P17=None
NO_PARENT  Q11949747  Sigriane  P17=Q389688
NO_PARENT  Q11950672  Syria Phoenice  P17=Q2277
NO_PARENT  Q11955395  Ximene  P17=Q1747689
NO_LABEL  Q12631538
NO_LABEL  Q12770910
NO_PARENT  Q12774728  Province of 11 Szepes Towns  P17=None
NO_LABEL  Q12863036
NO_LABEL  Q12282496
NO_LABEL  Q12295657
NO_LABEL  Q12878769
NO_PARENT  Q12885806  Phliasia  P17=None
NO_LABEL  Q12870615
NO_LABEL  Q12280327
NO_PARENT  Q12283905  Kastoria revolutionary district of IMARO  P17=None
NO_LABEL  Q12285712
NO_PARENT  Q13014100  Takua Pa  P17=None
NO_PARENT  Q13053882  Chakatk  P17=Q208404
NO_LABEL  Q12902006
NO_PARENT  Q13053914  Mazaz  P17=Q208404
NO_PARENT  Q13054396  Urtsadzor  P17=Q208404
NO_PARENT  Q12744704  Bjelice  P17=None
NO_PARENT  Q12901244  Numidia  P17=Q1747689
NO_LABEL  Q12102038
NO_LABEL  Q12103472
NO_LABEL  Q13053387
NO_LABEL  Q12390412
NO_PARENT  Q12407079  Mamluk Palestine  P17=Q282428
NO_PARENT  Q12774725  Province of 16 Szepes Towns  P17=None
NO_LABEL  Q12549158
NO_PARENT  Q13142962  Vallis Poenina  P17=None
NO_PARENT  Q13014099  Nakhon Champasak  P17=None
NO_PARENT  Q13014115  Min Buri  P17=None
NO_LABEL  Q12899918
NO_LABEL  Q13174902
NO_PARENT  Q12277575  Dacia Porolissensis  P17=Q2277
NO_LABEL  Q12281506
NO_PARENT  Q13053179  Tsaghkotn  P17=Q208404
NO_PARENT  Q12774723  Province of 13 Szepes Towns  P17=None
NO_PARENT  Q12836408  Azerbaijan  P17=None
NO_PARENT  Q12866668  Urstwaltæ  P17=Q23427
NO_LABEL  Q12864287
NO_LABEL  Q13031861
PRE_1850_P576  Q12723979  Cheve  end=1551
NO_PARENT  Q13166694  Bargujin-Tokum  P17=None
NO_LABEL  Q12899473
NO_PARENT  Q13538724  Province of 24 Szepes Towns  P17=None
NO_LABEL  Q13834884
NO_LABEL  Q13192484
NO_PARENT  Q13554007  Suhum  P17=None
NO_PARENT  Q13415123  Syria  P17=None
NO_PARENT  Q13583148  Syunik (historic province)  P17=Q208404
NO_LABEL  Q14041030
NO_PARENT  Q14472556  Pelasgiotis  P17=None
NO_LABEL  Q14203845
PRE_1850_P576  Q14944091  Uplands  end=700
NO_PARENT  Q14551922  Province Rheinland-Hessen-Nassau  P17=None
NO_PARENT  Q15132619  Soviet occupation of Manchuria  P17=None
NO_LABEL  Q14917204
NO_PARENT  Q14946371  South Serbia  P17=None
NO_LABEL  Q15111398
NO_PARENT  Q15141665  Terra di Bari  P17=Q173065
NO_PARENT  Q15427622  Commagene  P17=None
NO_PARENT  Q15464085  Pisatis  P17=None
NO_LABEL  Q15410773
NO_LABEL  Q15304672
NO_PARENT  Q15631833  Kabin Buri  P17=None
NO_PARENT  Q15842971  Rhomania  P17=None
NO_PARENT  Q15837030  North Rhine  P17=None
NO_PARENT  Q15842463  Riesgau  P17=None
NO_PARENT  Q15843470  Roman Palestine  P17=Q1747689
NO_PARENT  Q16117277  Uskoplje (župa)  P17=None
NO_PARENT  Q16142051  Phrygia  P17=None
NO_PARENT  Q16242342  Incas in Central Chile  P17=None
NO_LABEL  Q16356899
NO_LABEL  Q16358067
NO_PARENT  Q16370303  Aragatsotn  P17=Q208404
NO_PARENT  Q16386693  Kotayk  P17=Q208404
NO_PARENT  Q16334725  Belgica Prima  P17=None
NO_PARENT  Q16334728  Belgica Secunda  P17=None
NO_LABEL  Q16350948
NO_LABEL  Q16352789
NO_PARENT  Q16376378  Sanjak of Genç  P17=Q12560
NO_PARENT  Q16328968  Bottice  P17=None
NO_PARENT  Q16396178  Sharurdasht  P17=Q208404
NO_LABEL  Q16416059
NO_PARENT  Q16418350  Mughan Mahal  P17=Q428400
NO_LABEL  Q16352313
NO_LABEL  Q16352815
NO_LABEL  Q16356960
NO_LABEL  Q15927733
NO_PARENT  Q16364499  Abeghyank  P17=Q208404
NO_PARENT  Q16657614  Cambysene  P17=None
NO_LABEL  Q15846807
NO_PARENT  Q16636696  Hidatl  P17=None
NO_PARENT  Q16765968  Tripolitania eyalet  P17=Q12560
NO_PARENT  Q16722579  South-Western Rus  P17=Q609850
NO_LABEL  Q16855749
NO_LABEL  Q16362319
NO_PARENT  Q16370345  Arats  P17=Q208404
NO_LABEL  Q16387538
NO_LABEL  Q16350951
NO_LABEL  Q16356747
NO_LABEL  Q16383229
NO_PARENT  Q16933001  New Leinster  P17=Q5148518
NO_PARENT  Q16953965  British Military Administration  P17=None
NO_LABEL  Q16617250
NO_PARENT  Q17032364  Wachovia Tract  P17=Q1454
NO_PARENT  Q17008771  Weibo  P17=None
NO_LABEL  Q16354942
NO_LABEL  Q16630763
NO_LABEL  Q16357816
NO_PARENT  Q16392802  Masyatsotn  P17=Q208404
NO_PARENT  Q16396529  Ostan Hayots  P17=Q208404
NO_PARENT  Q16828348  Craven  P17=Q179876
NO_PARENT  Q16836300  Principality of Farghana  P17=None
NO_LABEL  Q17278526
NO_LABEL  Q16913279
NO_PARENT  Q16737169  Mygdonia  P17=None
NO_LABEL  Q17492928
NO_PARENT  Q16903991  Yehud (Babylonian province)  P17=Q624887
NO_PARENT  Q17043605  Persian Iraq  P17=Q3708094
NO_LABEL  Q17492993
NO_LABEL  Q18279054
NO_PARENT  Q18236771  Moesia  P17=Q2277
NO_LABEL  Q18406516
NO_PARENT  Q18217364  Dalmatia under Venetian rule  P17=Q4948
NO_PARENT  Q18386578  Paralia  P17=Q93180
NO_LABEL  Q18533920
NO_LABEL  Q19259250
NO_PARENT  Q19618376  Korela  P17=None
NO_LABEL  Q19692547
NO_PARENT  Q19871543  Brigantia  P17=None
NO_PARENT  Q19903213  Akkad  P17=None
NO_LABEL  Q19400650
NO_LABEL  Q20108448
NO_LABEL  Q20107710
NO_LABEL  Q20109071
NO_PARENT  Q20108321  Lalasis  P17=None
NO_PARENT  Q20108340  Lydia  P17=Q1747689
NO_PARENT  Q20108602  Paraetacene  P17=None
NO_PARENT  Q19714715  Cispadane Gaul  P17=None
NO_LABEL  Q19746696
NO_LABEL  Q20558209
NO_LABEL  Q20508251
NO_PARENT  Q20623833  Thæpæn Digoræ  P17=None
NO_LABEL  Q20107909
NO_LABEL  Q20562366
NO_LABEL  Q20567359
NO_PARENT  Q20507485  Uburda  P17=None
NO_LABEL  Q20514647
NO_PARENT  Q20107749  Cabalia  P17=None
NO_LABEL  Q20108447
NO_LABEL  Q20108543
NO_LABEL  Q20565482
NO_LABEL  Q20108009
NO_PARENT  Q20108594  Palmyrena  P17=None
NO_PARENT  Q20108986  Timonitis  P17=Q622032
NO_PARENT  Q20820118  Southeast Yemen  P17=None
NO_PARENT  Q20968839  Kimmeria  P17=None
NO_PARENT  Q20510603  Varazhnunik  P17=Q208404
NO_PARENT  Q20987769  Cissia  P17=Q389688
NO_LABEL  Q20724207
NO_PARENT  Q21095138  Parha  P17=Q4496560
NO_PARENT  Q21095201  Nesaea  P17=Q389688
NO_PARENT  Q21188966  Lusitania  P17=None
NO_LABEL  Q21210050
NO_PARENT  Q21011805  County of Berg  P17=None
NO_LABEL  Q21296192
NO_PARENT  Q21556456  Phrygia Saloutaria  P17=None
NO_PARENT  Q21697223  Zeytuni  P17=None
NO_LABEL  Q21696217
NO_PARENT  Q21556455  Phrygia Pakatiane  P17=None
NO_LABEL  Q22010895
NO_LABEL  Q22681703
NO_PARENT  Q22914945  Žitavsko  P17=None
NO_PARENT  Q23504981  Aigialea  P17=None
NO_PARENT  Q24089696  An Ibéir Shasainid  P17=Q83891
NO_PARENT  Q24049878  Crete  P17=Q2277
NO_LABEL  Q24040923
NO_LABEL  Q24286778
NO_PARENT  Q24528250  Viking Age Iceland  P17=None
NO_PARENT  Q24553416  Viking Age Ireland  P17=None
NO_PARENT  Q24528168  Viking Age Denmark  P17=None
NO_PARENT  Q24534970  Viking Age Normandy  P17=None
NO_LABEL  Q24450828
NO_LABEL  Q24937088
NO_LABEL  Q24940065
NO_PARENT  Q25059641  Witland  P17=None
NO_PARENT  Q24901055  Province of Apulia and Calabria  P17=None
NO_PARENT  Q24909849  Moesia prima  P17=None
NO_LABEL  Q24940008
NO_PARENT  Q25400035  Parco Pavese  P17=Q3921984
NO_LABEL  Q25386254
NO_LABEL  Q25421519
NO_PARENT  Q25486559  Sanjak of Erzincan  P17=Q12560
NO_LABEL  Q24940067
NO_PARENT  Q25535434  Bithynia  P17=None
NO_PARENT  Q25617977  Lombardy (historical region)  P17=None
NO_PARENT  Q25644228  Alagir Gorge  P17=None
NO_PARENT  Q25591065  Darvoz Bekigari  P17=Q746558
NO_LABEL  Q25422361
NO_LABEL  Q25433208
NO_LABEL  Q25700959
NO_LABEL  Q25484089
NO_PARENT  Q25487032  Maghara  P17=Q12560
NO_LABEL  Q25552920
NO_PARENT  Q25652180  Indûng Kapampángan  P17=None
NO_PARENT  Q26234928  Andal  P17=Q1052040
NO_PARENT  Q27150039  Coele-Syria  P17=Q2277
NO_PARENT  Q27885418  Alashkert  P17=None
PRE_1850_P576  Q27905718  Stavropolsky Province  end=1780
NO_LABEL  Q28667149
NO_LABEL  Q28671462
NO_PARENT  Q28914708  Pannonia  P17=Q1747689
NO_LABEL  Q29421644
NO_LABEL  Q29919182
NO_LABEL  Q30091780
NO_LABEL  Q30124277
NO_LABEL  Q30921236
NO_LABEL  Q30738295
NO_LABEL  Q31194291
NO_PARENT  Q42424871  Entre Rios Province  P17=None
NO_PARENT  Q42424948  Esmeraldas province  P17=None
NO_PARENT  Q43311297  Alpes  P17=None
NO_PARENT  Q43309861  Rhône  P17=None
NO_LABEL  Q46790128
NO_PARENT  Q47460930  Isana  P17=Q41137
NO_PARENT  Q48767440  German-occupied Poland  P17=None
NO_PARENT  Q48749185  Zuidkempense Pijl  P17=None
NO_LABEL  Q50321320
NO_LABEL  Q50378856
NO_PARENT  Q51077402  San Juan Province  P17=None
NO_LABEL  Q51077410
NO_LABEL  Q51077413
NO_LABEL  Q51077416
NO_LABEL  Q51077417
NO_LABEL  Q51077408
NO_LABEL  Q51077414
NO_LABEL  Q51077421
NO_LABEL  Q51077404
NO_LABEL  Q51077528
NO_LABEL  Q51077418
NO_LABEL  Q51077406
NO_LABEL  Q51077412
NO_LABEL  Q51077415
NO_PARENT  Q51879134  Commonwealth Games – Women's road race  P17=None
NO_PARENT  Q54670667  Hell of the Marianas  P17=None
NO_PARENT  Q55597938  Limousin  P17=Q70972
NO_PARENT  Q55658066  Kumykia  P17=None
NO_LABEL  Q55831701
NO_LABEL  Q55599390
NO_PARENT  Q55877075  Kadagistan  P17=Q83891
NO_PARENT  Q56342398  Styria  P17=None
NO_LABEL  Q56401241
NO_LABEL  Q56401286
NO_LABEL  Q56307123
NO_PARENT  Q56401299  Anthemus  P17=Q83958
NO_LABEL  Q56425583
NO_PARENT  Q56887216  Ugric Rus  P17=None
NO_PARENT  Q58400263  Zittau–Leipzig  P17=None
NO_PARENT  Q59682235  Maedica  P17=None
NO_PARENT  Q60692973  Emesena  P17=None
NO_LABEL  Q60837462
NO_PARENT  Q60790367  Ancient Magnesia  P17=None
NO_LABEL  Q60839286
NO_PARENT  Q60790179  Oetaea  P17=None
NO_PARENT  Q60836975  Tuscia et Umbria  P17=None
NO_PARENT  Q60762752  Waibelhube  P17=None
NO_LABEL  Q60965348
NO_PARENT  Q61043079  Ngari Korsum  P17=None
NO_LABEL  Q61117375
NO_LABEL  Q61120330
NO_LABEL  Q61114557
NO_LABEL  Q61115679
PRE_1850_P576  Q62109505  Austrian Lombardy  end=1796
NO_LABEL  Q63152949
NO_LABEL  Q64299755
NO_LABEL  Q64825819
NO_PARENT  Q64788365  Cycling at the European Games - women's mass-start race  P17=None
NO_PARENT  Q65080864  Occupied Enemy Territory Administration  P17=Q8680
NO_PARENT  Q65042076  Caresene  P17=None
NO_LABEL  Q65215152
NO_PARENT  Q65146415  Qarotegin Bekigarī  P17=Q746558
NO_PARENT  Q65073152  Avantirastra  P17=Q62943
NO_LABEL  Q65237087
NO_PARENT  Q65149938  Vabo  P17=None
NO_LABEL  Q65956776
NO_LABEL  Q66363939
NO_LABEL  Q66309379
NO_PARENT  Q66011896  Libya Inferior  P17=None
NO_LABEL  Q66474057
NO_LABEL  Q66445227
NO_PARENT  Q66777844  African Games - Women ITT  P17=None
NO_PARENT  Q66823372  Los Izalcos  P17=Q80702
NO_PARENT  Q66777837  African Games - Women RR  P17=None
NO_LABEL  Q66904491
NO_PARENT  Q67141934  Albany  P17=None
NO_PARENT  Q72909819  Macedonia Secunda  P17=Q12544
NO_PARENT  Q76000645  Langobardia  P17=None
NO_LABEL  Q76426927
NO_LABEL  Q79031524
NO_PARENT  Q79070469  Province of San Vicente  P17=Q80702
NO_PARENT  Q83148769  OG Test event Road Race  P17=None
NO_LABEL  Q85974181
NO_LABEL  Q87189700
NO_PARENT  Q87204901  UCI ProTour Final Race  P17=None
NO_PARENT  Q89702616  Narbonensis I  P17=Q1747689
NO_PARENT  Q89702680  Narbonensis II  P17=Q1747689
NO_PARENT  Q89804530  Apulia  P17=None
NO_PARENT  Q90449172  Province of Sonsonate  P17=Q80702
NO_PARENT  Q90691613  East and West Prussia (polish)  P17=None
NO_PARENT  Q93354877  Poland under partition  P17=Q172107
NO_PARENT  Q94253238  Guadalajara  P17=Q217196
NO_PARENT  Q95361443  Pangantucan, Bukidnon  P17=None
NO_LABEL  Q95438177
NO_LABEL  Q95599765
NO_LABEL  Q95627649
NO_PARENT  Q95689723  Lucania et Bruttium  P17=Q2277
NO_LABEL  Q97191329
NO_LABEL  Q97457630
NO_LABEL  Q97180192
NO_PARENT  Q97225589  Luxembourg  P17=None
NO_LABEL  Q97007304
NO_PARENT  Q97459159  Polish Rus'  P17=None
PRE_1850_P576  Q97217126  Pavlovića Zemlja  end=1463
NO_LABEL  Q97351914
NO_PARENT  Q98742852  Arrajan  P17=Q273874
NO_PARENT  Q104224797  Congo-Kasaï  P17=Q213510
NO_LABEL  Q104641462
NO_LABEL  Q104518435
NO_PARENT  Q104902605  Ciid  P17=None
NO_LABEL  Q104641405
NO_LABEL  Q106071111
NO_LABEL  Q106117326
NO_LABEL  Q106058849
NO_LABEL  Q106392591
NO_PARENT  Q106243034  Voronezh region  P17=None
NO_PARENT  Q106311455  Duchy of Saint Sava  P17=None
NO_LABEL  Q106729068
NO_PARENT  Q107040594  Zheyang  P17=Q7462
NO_LABEL  Q107274527
NO_LABEL  Q107416811
NO_LABEL  Q106920705
NO_LABEL  Q107511038
NO_PARENT  Q107600575  English Shore  P17=Q2984260
NO_LABEL  Q108475350
NO_PARENT  Q107996369  Syrian District  P17=None
NO_PARENT  Q107996374  Egyptian District  P17=None
NO_LABEL  Q109080131
NO_LABEL  Q109326562
NO_LABEL  Q109335378
NO_LABEL  Q109038353
NO_PARENT  Q109044251  Sequania  P17=None
NO_LABEL  Q110409648
NO_LABEL  Q110764703
NO_PARENT  Q110689271  Artaani  P17=None
NO_LABEL  Q110764507
NO_LABEL  Q110765167
NO_LABEL  Q110765379
NO_PARENT  Q110812103  Zemlja (feudal Bosnia)  P17=None
NO_LABEL  Q110765135
NO_PARENT  Q111143175  Beth Qatraye  P17=None
NO_LABEL  Q110764558
NO_LABEL  Q111243505
NO_PARENT  Q111740735  Roman Africa  P17=None
NO_PARENT  Q112054998  Cilicia Campestris  P17=Q1747689
NO_PARENT  Q112256219  Cadusia  P17=None
NO_LABEL  Q112322287
NO_PARENT  Q112682866  Kyrgyz Khanate  P17=Q1191125
NO_LABEL  Q112878325
NO_PARENT  Q113330081  Macedonia Prima  P17=None
NO_PARENT  Q113407922  Little Kabarda  P17=None
NO_LABEL  Q113355706
NO_LABEL  Q114098056
NO_PARENT  Q114153044  Adal  P17=None
NO_LABEL  Q114354473
NO_PARENT  Q114375944  Tour of the Chilterns  P17=None
NO_PARENT  Q114556115  Rund um Berlin 1970  P17=None
NO_LABEL  Q115565784
NO_LABEL  Q115684248
NO_LABEL  Q115534052
NO_LABEL  Q115565737
NO_LABEL  Q115570958
NO_PARENT  Q116245062  Ronde van West-Vlaanderen  P17=None
NO_LABEL  Q116972115
NO_PARENT  Q116641556  French occupation of the Republic of Venice  P17=Q71084
NO_PARENT  Q117223201  Occupation zone of the Balkan Union  P17=None
NO_PARENT  Q116764721  Keltike  P17=None
NO_LABEL  Q117793526
NO_LABEL  Q118747317
NO_LABEL  Q118720259
NO_PARENT  Q118713901  Malaka Kingdom  P17=None
NO_LABEL  Q118501115
NO_LABEL  Q118970505
NO_LABEL  Q118950655
NO_PARENT  Q118906154  Umayyad rule in North Africa  P17=Q8575586
NO_LABEL  Q119856935
NO_PARENT  Q120335612  Fergana  P17=None
NO_PARENT  Q120965222  Gadaris  P17=None
NO_PARENT  Q121811754  district of the Tsardom of Russia  P17=Q186096
NO_PARENT  Q122059046  Samerina  P17=Q10914393
NO_LABEL  Q122459971
NO_LABEL  Q122462824
PRE_1850_P576  Q123355370  Zemlja Bosna  end=1463
NO_PARENT  Q123479443  Ottoman Kurdistan  P17=Q12560
NO_LABEL  Q123487773
NO_LABEL  Q123944343
NO_LABEL  Q123949474
NO_LABEL  Q123487774
NO_PARENT  Q123981682  1902 Bordeaux-Paris  P17=None
NO_LABEL  Q124211197
NO_PARENT  Q124515683  Aia  P17=None
NO_PARENT  Q124296435  Insular Government of Porto Rico  P17=None
NO_LABEL  Q124660693
NO_LABEL  Q124672008
NO_PARENT  Q124788746  African Games - Men ITT  P17=None
NO_PARENT  Q124801641  historical Slavic lands  P17=None
NO_LABEL  Q124948635
NO_PARENT  Q124512336  Libya  P17=None
NO_LABEL  Q124306342
NO_LABEL  Q125244167
NO_PARENT  Q124788748  African Games - Men RR  P17=None
NO_LABEL  Q125257653
NO_LABEL  Q125847095
NO_LABEL  Q126202196
NO_LABEL  Q126888964
NO_LABEL  Q128536025
NO_LABEL  Q129438429
NO_LABEL  Q130746992
NO_LABEL  Q131395267
NO_LABEL  Q131174701
NO_LABEL  Q131422947
NO_LABEL  Q131551630
NO_LABEL  Q131384959
NO_LABEL  Q131295766
NO_LABEL  Q131295809
NO_LABEL  Q131716996
NO_LABEL  Q131384938
NO_PARENT  Q131195148  Pays de Vaud  P17=None
NO_LABEL  Q131384845
NO_LABEL  Q131295801
NO_LABEL  Q131295813
NO_LABEL  Q131840588
NO_PARENT  Q131688182  Phrygia  P17=None
NO_LABEL  Q131295811
NO_LABEL  Q131384854
NO_LABEL  Q131384857
NO_LABEL  Q131921631
NO_LABEL  Q131703499
NO_PARENT  Q131901288  Mexican America  P17=None
NO_LABEL  Q131625684
NO_LABEL  Q131914784
NO_PARENT  Q132337290  Gyas Ru  P17=None
NO_LABEL  Q132196736
NO_PARENT  Q133163979  Cilicia Tracheia  P17=None
NO_LABEL  Q132799029
NO_LABEL  Q133574816
NO_LABEL  Q133269685
NO_PARENT  Q134080440  Eastern Bengal  P17=Q129286
NO_LABEL  Q133873677
NO_LABEL  Q133889353
NO_LABEL  Q133823836
NO_PARENT  Q134332151  Soviet Administration of Northern Transylvania  P17=None
NO_LABEL  Q134029076
NO_LABEL  Q134032210
NO_LABEL  Q134544931
NO_LABEL  Q134128126
NO_LABEL  Q133873696
NO_LABEL  Q134031915
NO_LABEL  Q134031924
NO_LABEL  Q134418069
NO_PARENT  Q134989713  Enidzhevardar revolutionary district of IMARO  P17=None
NO_LABEL  Q134498251
NO_LABEL  Q134728656
NO_LABEL  Q134722479
NO_LABEL  Q134723110
NO_LABEL  Q134955270
NO_LABEL  Q135409285
NO_PARENT  Q136085381  Hither Province (Pylos)  P17=Q181264
NO_LABEL  Q135978459
NO_LABEL  Q136277221
NO_LABEL  Q136541776
NO_LABEL  Q136542530
NO_LABEL  Q136549143
NO_LABEL  Q135442068
NO_LABEL  Q135526788
NO_LABEL  Q135458101
NO_LABEL  Q136411344
NO_LABEL  Q136035470
NO_LABEL  Q136393771
NO_PARENT  Q136457721  Bornu  P17=None
NO_LABEL  Q136546555
NO_LABEL  Q136546939
NO_LABEL  Q136546952
NO_LABEL  Q136541767
NO_LABEL  Q136648004
NO_PARENT  Q136655001  vilayet of Tajik ASSR  P17=Q76077
NO_LABEL  Q135905280
NO_LABEL  Q136541790
NO_LABEL  Q136546975
NO_LABEL  Q136547637
NO_LABEL  Q136541853
NO_LABEL  Q136542571
NO_LABEL  Q136547321
NO_LABEL  Q136547338
NO_LABEL  Q136547411
NO_PARENT  Q136687084  Damascena  P17=None
NO_PARENT  Q137157923  Karanganyar  P17=Q188161
NO_PARENT  Q137360928  Eremia Geton  P17=Q845909
NO_LABEL  Q137707900
NO_LABEL  Q137013578
NO_LABEL  Q137360752
NO_LABEL  Q137394707
NO_PARENT  Q137591292  Xouthia  P17=None
NO_LABEL  Q137205338
NO_LABEL  Q137626678
NO_LABEL  Q137737986
NO_LABEL  Q138292845
NO_PARENT  Q137507327  Dori  P17=None
NO_LABEL  Q138006307
NO_PARENT  Q137507319  Crimean Gothia  P17=None
NO_LABEL  Q137322936
NO_LABEL  Q137427121
NO_LABEL  Q137682707
NO_LABEL  Q138412967
NO_PARENT  Q6250  Western Sahara  P17=Q80702
NO_PARENT  Q269  Tashkent  P17=Q4453007
PRE_1850_P576  Q11768  Ancient Egypt  end=30
NO_PARENT  Q1055  Hamburg  P17=Q12548
