EXCLUDED  Q148  types={'Q6256'}
EXCLUDED  Q35476  types={'Q891723'}
NO_LABEL  Q44316
NO_LABEL  Q132020
EXCLUDED  Q158888  types={'Q891723'}
NO_LABEL  Q209593
EXCLUDED  Q296647  types={'Q5'}
EXCLUDED  Q397103  types={'Q4167410'}
EXCLUDED  Q401804  types={'Q4167410'}
EXCLUDED  Q409857  types={'Q4167410'}
NO_LABEL  Q488192
EXCLUDED  Q524757  types={'Q891723'}
NO_LABEL  Q590836
EXCLUDED  Q681798  types={'Q4167410'}
NO_LABEL  Q751719
EXCLUDED  Q846596  types={'Q43229'}
NO_LABEL  Q908027
NO_LABEL  Q1018342
NO_LABEL  Q1148043
NO_LABEL  Q1249821
NO_LABEL  Q1402628
EXCLUDED  Q1944412  types={'Q891723'}
NO_LABEL  Q2134856
NO_LABEL  Q2226531
NO_LABEL  Q2489718
NO_LABEL  Q3147010
NO_LABEL  Q3274068
NO_LABEL  Q3342725
NO_LABEL  Q3422525
NO_LABEL  Q4098595
NO_LABEL  Q4099851
NO_LABEL  Q4105857
NO_LABEL  Q4131743
NO_LABEL  Q4311199
NO_LABEL  Q6161957
NO_LABEL  Q6192253
EXCLUDED  Q6635905  types={'Q4167836'}
EXCLUDED  Q7493943  types={'Q43229'}
EXCLUDED  Q7692110  types={'Q783794'}
EXCLUDED  Q7979001  types={'Q4167410'}
EXCLUDED  Q9097500  types={'Q4167410'}
NO_LABEL  Q9130707
NO_LABEL  Q10308479
NO_LABEL  Q11251364
NO_LABEL  Q11618887
NO_LABEL  Q12327606
NO_LABEL  Q12713925
NO_LABEL  Q15206305
NO_LABEL  Q15850306
NO_LABEL  Q15944100
NO_LABEL  Q16254737
NO_LABEL  Q17006796
NO_LABEL  Q19834616
BAD_LABEL  Q22080128  raw='U'
NO_LABEL  Q25384968
NO_LABEL  Q25450674
NO_LABEL  Q27132739
EXCLUDED  Q28452620  types={'Q891723'}
NO_LABEL  Q28719314
EXCLUDED  Q28845965  types={'Q4167836'}
NO_LABEL  Q28861509
NO_LABEL  Q28913373
NO_LABEL  Q28957072
NO_LABEL  Q30912490
EXCLUDED  Q35181429  types={'Q13442814'}
EXCLUDED  Q44255390  types={'Q13442814'}
NO_LABEL  Q56218638
NO_LABEL  Q56827185
EXCLUDED  Q58034419  types={'Q13442814'}
EXCLUDED  Q59093653  types={'Q13442814'}
NO_LABEL  Q61917108
NO_LABEL  Q61917115
EXCLUDED  Q62672673  types={'Q13442814'}
NO_LABEL  Q66384791
BAD_LABEL  Q87496254  raw='['
EXCLUDED  Q94114916  types={'Q13442814'}
NO_LABEL  Q94161981
NO_LABEL  Q97380385
NO_LABEL  Q99515148
NO_LABEL  Q105592754
NO_LABEL  Q106856912
NO_LABEL  Q109044392
NO_LABEL  Q110670802
NO_LABEL  Q114444807
NO_LABEL  Q115352988
NO_LABEL  Q116528331
NO_LABEL  Q118111354
NO_LABEL  Q120507510
NO_LABEL  Q120508174
NO_LABEL  Q120508925
NO_LABEL  Q120508958
NO_LABEL  Q120508972
NO_LABEL  Q120509000
NO_LABEL  Q120509002
NO_LABEL  Q120509017
NO_LABEL  Q120509019
NO_LABEL  Q120509027
NO_LABEL  Q124364362
NO_LABEL  Q124364397
NO_LABEL  Q126645994
NO_LABEL  Q127978878
NO_LABEL  Q131197410
NO_LABEL  Q131325229
NO_LABEL  Q131918639
NO_LABEL  Q132048160
NO_LABEL  Q133042276
NO_LABEL  Q133269711
NO_LABEL  Q133306712
NO_LABEL  Q133859554
NO_LABEL  Q133868540
NO_LABEL  Q133868654
NO_LABEL  Q134005959
NO_LABEL  Q134113162
NO_LABEL  Q134579815
NO_LABEL  Q134599778
EXCLUDED  Q135263945  types={'Q5'}
NO_LABEL  Q137425457
NO_LABEL  Q137596063
NO_LABEL  Q137659961
NO_LABEL  Q137711176
NO_LABEL  Q137775773
NO_LABEL  Q137970705
EXCLUDED  Q43  types={'Q6256'}
EXCLUDED  Q66  types={'Q891723', 'Q43229'}
NO_LABEL  Q364
NO_LABEL  Q381
NO_LABEL  Q2005
NO_LABEL  Q2766
NO_LABEL  Q2796
NO_LABEL  Q11255
NO_LABEL  Q12013
NO_LABEL  Q15804
EXCLUDED  Q35996  types={'Q891723'}
NO_LABEL  Q184198
NO_LABEL  Q211096
NO_LABEL  Q240192
EXCLUDED  Q298743  types={'Q4167410'}
EXCLUDED  Q328840  types={'Q891723'}
NO_LABEL  Q334773
EXCLUDED  Q357920  types={'Q4167410'}
EXCLUDED  Q496302  types={'Q891723'}
NO_LABEL  Q548475
NO_LABEL  Q846549
EXCLUDED  Q847799  types={'Q43229'}
EXCLUDED  Q949610  types={'Q891723', 'Q783794'}
NO_LABEL  Q1020601
NO_LABEL  Q1182754
NO_LABEL  Q1661898
NO_LABEL  Q1723003
NO_LABEL  Q1740342
NO_LABEL  Q1767176
NO_LABEL  Q1964299
NO_LABEL  Q1998079
NO_LABEL  Q2006397
EXCLUDED  Q2148200  types={'Q43229'}
NO_LABEL  Q2198553
NO_LABEL  Q2270704
NO_LABEL  Q2280659
NO_LABEL  Q2387524
NO_LABEL  Q2393160
NO_LABEL  Q3416626
NO_LABEL  Q4352196
NO_LABEL  Q4464275
EXCLUDED  Q5324516  types={'Q891723'}
EXCLUDED  Q7119150  types={'Q17362920'}
EXCLUDED  Q7239847  types={'Q43229'}
NO_LABEL  Q7446161
NO_LABEL  Q8205751
NO_LABEL  Q10358322
NO_LABEL  Q11084118
NO_LABEL  Q11348481
NO_LABEL  Q11449668
NO_LABEL  Q11889142
NO_LABEL  Q11986726
NO_LABEL  Q12140859
NO_LABEL  Q12325449
NO_LABEL  Q12717352
NO_LABEL  Q15281614
NO_LABEL  Q15872795
NO_LABEL  Q15875921
NO_LABEL  Q16639197
NO_LABEL  Q18401984
NO_LABEL  Q19752507
EXCLUDED  Q22212347  types={'Q4167410'}
NO_LABEL  Q25388362
NO_LABEL  Q25473492
EXCLUDED  Q27991349  types={'Q43229'}
NO_LABEL  Q28835819
NO_LABEL  Q30324817
NO_LABEL  Q43027245
NO_LABEL  Q45092341
EXCLUDED  Q46618768  types={'Q13442814'}
EXCLUDED  Q52594508  types={'Q13442814'}
EXCLUDED  Q57124709  types={'Q13442814'}
EXCLUDED  Q60269747  types={'Q13442814'}
NO_LABEL  Q61917129
EXCLUDED  Q62752424  types={'Q13442814'}
EXCLUDED  Q62842315  types={'Q13442814'}
NO_LABEL  Q86742971
BAD_LABEL  Q87496333  raw='}'
EXCLUDED  Q97516271  types={'Q783794'}
NO_LABEL  Q105701656
NO_LABEL  Q107570733
NO_LABEL  Q108004261
NO_LABEL  Q110551264
NO_LABEL  Q110673809
EXCLUDED  Q111897729  types={'Q13442814'}
NO_LABEL  Q112165601
NO_LABEL  Q113699207
NO_LABEL  Q113841452
NO_LABEL  Q114425418
NO_LABEL  Q118698471
NO_LABEL  Q120507446
NO_LABEL  Q120507499
NO_LABEL  Q120508111
NO_LABEL  Q120508115
NO_LABEL  Q120508119
NO_LABEL  Q120508961
NO_LABEL  Q120508974
NO_LABEL  Q120508999
NO_LABEL  Q124847484
NO_LABEL  Q125152918
NO_LABEL  Q126113589
NO_LABEL  Q130724813
NO_LABEL  Q131567027
NO_LABEL  Q131990724
NO_LABEL  Q132261426
NO_LABEL  Q132473635
NO_LABEL  Q132887899
NO_LABEL  Q133816056
NO_LABEL  Q134579810
NO_LABEL  Q135189882
NO_LABEL  Q135527266
NO_LABEL  Q136309791
NO_LABEL  Q136450812
NO_LABEL  Q136891001
NO_LABEL  Q137273252
NO_LABEL  Q137425505
NO_LABEL  Q137439128
NO_LABEL  Q137596081
NO_LABEL  Q137640705
NO_LABEL  Q137775432
NO_LABEL  Q137776806
NO_LABEL  Q137824856
NO_LABEL  Q137826581
NO_LABEL  Q137844467
NO_LABEL  Q137886824
NO_LABEL  Q137888015
NO_LABEL  Q137900906
NO_LABEL  Q137944818
NO_LABEL  Q137964922
NO_LABEL  Q137972781
NO_LABEL  Q137972891
NO_LABEL  Q137972904
NO_LABEL  Q138303509
NO_LABEL  Q8337
NO_LABEL  Q14005
EXCLUDED  Q27585  types={'Q783794'}
NO_LABEL  Q43359
EXCLUDED  Q53268  types={'Q43229', 'Q891723'}
NO_LABEL  Q117725
EXCLUDED  Q162852  types={'Q891723'}
NO_LABEL  Q209868
EXCLUDED  Q334800  types={'Q891723'}
NO_LABEL  Q595374
EXCLUDED  Q615955  types={'Q783794'}
NO_LABEL  Q848317
NO_LABEL  Q891975
EXCLUDED  Q1067041  types={'Q783794'}
EXCLUDED  Q1073015  types={'Q43229'}
EXCLUDED  Q1329777  types={'Q43229'}
EXCLUDED  Q1440043  types={'Q4167410'}
NO_LABEL  Q1447308
NO_LABEL  Q1476476
EXCLUDED  Q1757263  types={'Q783794'}
NO_LABEL  Q1783271
NO_LABEL  Q2082907
EXCLUDED  Q2105080  types={'Q4167410'}
NO_LABEL  Q2293857
NO_LABEL  Q2382743
EXCLUDED  Q2447259  types={'Q4167410'}
NO_LABEL  Q2568011
EXCLUDED  Q2936939  types={'Q4167410'}
EXCLUDED  Q3216406  types={'Q4167410'}
NO_LABEL  Q3217256
NO_LABEL  Q3965092
NO_LABEL  Q4087569
NO_LABEL  Q4198753
NO_LABEL  Q4318078
NO_LABEL  Q4424196
EXCLUDED  Q5522902  types={'Q5'}
EXCLUDED  Q6073040  types={'Q4167410'}
EXCLUDED  Q7673435  types={'Q891723'}
EXCLUDED  Q9060426  types={'Q4167410'}
NO_LABEL  Q10438640
EXCLUDED  Q11733472  types={'Q4167410'}
EXCLUDED  Q11774490  types={'Q783794'}
NO_LABEL  Q13168756
NO_LABEL  Q13738901
EXCLUDED  Q14564871  types={'Q783794'}
NO_LABEL  Q17748223
NO_LABEL  Q18028298
NO_LABEL  Q20551809
NO_LABEL  Q20747918
NO_LABEL  Q25378622
NO_LABEL  Q25426122
NO_LABEL  Q27955385
NO_LABEL  Q28937399
NO_LABEL  Q30739915
NO_LABEL  Q30969701
NO_LABEL  Q52060155
NO_LABEL  Q56324393
NO_LABEL  Q59276543
EXCLUDED  Q59629683  types={'Q13442814'}
NO_LABEL  Q60982402
NO_LABEL  Q61917116
NO_LABEL  Q61917134
NO_LABEL  Q65245960
NO_LABEL  Q65937638
EXCLUDED  Q76801804  types={'Q13442814'}
NO_LABEL  Q84707652
NO_LABEL  Q86668630
BAD_LABEL  Q87496331  raw='|'
BAD_LABEL  Q87544732  raw='｝'
NO_LABEL  Q91077519
EXCLUDED  Q93561941  types={'Q783794'}
NO_LABEL  Q97194970
NO_LABEL  Q98226728
EXCLUDED  Q99440266  types={'Q13442814'}
EXCLUDED  Q106103305  types={'Q783794'}
NO_LABEL  Q107296658
NO_LABEL  Q107431877
NO_LABEL  Q108004280
NO_LABEL  Q108004298
NO_LABEL  Q110610906
NO_LABEL  Q111060049
NO_LABEL  Q111383410
NO_LABEL  Q112289275
EXCLUDED  Q114856850  types={'Q13442814'}
NO_LABEL  Q120507431
NO_LABEL  Q120507440
NO_LABEL  Q120507444
NO_LABEL  Q120507501
NO_LABEL  Q120507508
NO_LABEL  Q120507512
NO_LABEL  Q120508112
NO_LABEL  Q120508171
NO_LABEL  Q120508179
NO_LABEL  Q120508931
NO_LABEL  Q120508937
NO_LABEL  Q120508966
NO_LABEL  Q120508976
NO_LABEL  Q120509018
NO_LABEL  Q120509020
NO_LABEL  Q120509026
NO_LABEL  Q122189628
NO_LABEL  Q122974251
NO_LABEL  Q125477183
NO_LABEL  Q127869599
NO_LABEL  Q130822291
NO_LABEL  Q131143945
NO_LABEL  Q131340352
NO_LABEL  Q131626369
NO_LABEL  Q131782586
NO_LABEL  Q133283627
NO_LABEL  Q133730185
NO_LABEL  Q133889096
NO_LABEL  Q133895817
NO_LABEL  Q133980458
NO_LABEL  Q134180472
NO_LABEL  Q134505579
NO_LABEL  Q134621101
NO_LABEL  Q135154816
NO_LABEL  Q135485228
NO_LABEL  Q135933656
NO_LABEL  Q135933755
NO_LABEL  Q136370968
NO_LABEL  Q136562473
NO_LABEL  Q136562553
NO_LABEL  Q136703547
NO_LABEL  Q136750729
NO_LABEL  Q137425630
NO_LABEL  Q137425855
NO_LABEL  Q137439416
NO_LABEL  Q137460543
NO_LABEL  Q137596875
NO_LABEL  Q137597235
NO_LABEL  Q137661087
NO_LABEL  Q137767141
NO_LABEL  Q137825139
NO_LABEL  Q137826938
NO_LABEL  Q137827397
NO_LABEL  Q137947863
NO_LABEL  Q137972695
EXCLUDED  Q312  types={'Q891723'}
BAD_LABEL  Q918  raw='X'
EXCLUDED  Q3895  types={'Q891723'}
NO_LABEL  Q131723
NO_LABEL  Q153710
NO_LABEL  Q155867
NO_LABEL  Q215273
NO_LABEL  Q262670
EXCLUDED  Q298381  types={'Q4167410'}
NO_LABEL  Q321259
EXCLUDED  Q359564  types={'Q4167410'}
NO_LABEL  Q540868
NO_LABEL  Q627372
NO_LABEL  Q644610
EXCLUDED  Q797609  types={'Q891723'}
NO_LABEL  Q910892
EXCLUDED  Q1046940  types={'Q783794'}
NO_LABEL  Q1165488
EXCLUDED  Q1171840  types={'Q4167410'}
EXCLUDED  Q1173289  types={'Q4167410'}
NO_LABEL  Q1351337
EXCLUDED  Q1359851  types={'Q4167410'}
NO_LABEL  Q1383570
NO_LABEL  Q1402417
NO_LABEL  Q1420941
NO_LABEL  Q1517708
EXCLUDED  Q1796060  types={'Q4167410'}
NO_LABEL  Q2094665
NO_LABEL  Q2138777
NO_LABEL  Q2188889
NO_LABEL  Q2221528
NO_LABEL  Q2274123
NO_LABEL  Q2459689
NO_LABEL  Q2537924
NO_LABEL  Q2918800
NO_LABEL  Q2953767
EXCLUDED  Q3050461  types={'Q891723'}
EXCLUDED  Q3192677  types={'Q783794'}
NO_LABEL  Q3317664
NO_LABEL  Q3422689
NO_LABEL  Q3680740
NO_LABEL  Q4531071
EXCLUDED  Q5357728  types={'Q4167410'}
EXCLUDED  Q5419210  types={'Q43229', 'Q891723'}
EXCLUDED  Q6007175  types={'Q4167410', 'Q17362920'}
EXCLUDED  Q6177517  types={'Q4167836'}
EXCLUDED  Q6979869  types={'Q891723'}
NO_LABEL  Q7543847
NO_LABEL  Q7600979
NO_LABEL  Q9059131
NO_LABEL  Q10857047
NO_LABEL  Q11861997
NO_LABEL  Q11863885
NO_LABEL  Q11894725
EXCLUDED  Q14326126  types={'Q5'}
NO_LABEL  Q15616276
NO_LABEL  Q15714509
NO_LABEL  Q16579619
NO_LABEL  Q16721808
NO_LABEL  Q16928345
EXCLUDED  Q17130715  types={'Q43229'}
NO_LABEL  Q18212323
NO_LABEL  Q18469871
NO_LABEL  Q18688806
NO_LABEL  Q19192435
EXCLUDED  Q19956835  types={'Q4167410'}
NO_LABEL  Q21014025
EXCLUDED  Q22077809  types={'Q43229'}
NO_LABEL  Q24903447
NO_LABEL  Q28835799
EXCLUDED  Q33428955  types={'Q13442814'}
EXCLUDED  Q35468864  types={'Q13442814'}
NO_LABEL  Q48750937
NO_LABEL  Q56312398
EXCLUDED  Q57037943  types={'Q13442814'}
EXCLUDED  Q63537753  types={'Q13442814'}
NO_LABEL  Q65312354
EXCLUDED  Q71259473  types={'Q13442814'}
NO_LABEL  Q71324044
NO_LABEL  Q74878673
NO_LABEL  Q81388644
EXCLUDED  Q84566105  types={'Q13442814'}
NO_LABEL  Q85313643
EXCLUDED  Q93682558  types={'Q13442814'}
NO_LABEL  Q98108019
NO_LABEL  Q108841599
NO_LABEL  Q109420060
NO_LABEL  Q109442616
NO_LABEL  Q109442675
NO_LABEL  Q111079362
NO_LABEL  Q111369338
NO_LABEL  Q113699209
NO_LABEL  Q113952420
NO_LABEL  Q114065780
NO_LABEL  Q120507496
NO_LABEL  Q120507505
NO_LABEL  Q120508114
NO_LABEL  Q120508176
NO_LABEL  Q120508932
NO_LABEL  Q120508939
NO_LABEL  Q120508970
NO_LABEL  Q120508987
NO_LABEL  Q120509015
NO_LABEL  Q120509021
NO_LABEL  Q124364372
NO_LABEL  Q124364415
NO_LABEL  Q124847355
NO_LABEL  Q125759600
NO_LABEL  Q130535512
NO_LABEL  Q130735956
NO_LABEL  Q131980386
NO_LABEL  Q132773724
NO_LABEL  Q133272756
NO_LABEL  Q133816439
NO_LABEL  Q133824664
NO_LABEL  Q133884184
NO_LABEL  Q134186269
NO_LABEL  Q134547991
NO_LABEL  Q134691320
NO_LABEL  Q134890829
NO_LABEL  Q135102642
NO_LABEL  Q135912995
NO_LABEL  Q137167471
NO_LABEL  Q137425431
NO_LABEL  Q137460641
NO_LABEL  Q137563210
NO_LABEL  Q137593345
NO_LABEL  Q137596696
NO_LABEL  Q137705043
NO_LABEL  Q137766986
NO_LABEL  Q137888218
NO_LABEL  Q138028116
NO_LABEL  Q138100699
NO_LABEL  Q83
NO_LABEL  Q9334
NO_LABEL  Q40984
EXCLUDED  Q157064  types={'Q891723'}
NO_LABEL  Q191012
EXCLUDED  Q224621  types={'Q4167410'}
NO_LABEL  Q389746
NO_LABEL  Q423613
EXCLUDED  Q441269  types={'Q4167410'}
NO_LABEL  Q487425
EXCLUDED  Q489921  types={'Q43229', 'Q891723'}
NO_LABEL  Q497014
NO_LABEL  Q662195
EXCLUDED  Q680158  types={'Q4167410'}
NO_LABEL  Q851402
EXCLUDED  Q892263  types={'Q4167410'}
NO_LABEL  Q1193600
NO_LABEL  Q1215892
NO_LABEL  Q1242890
NO_LABEL  Q1592469
NO_LABEL  Q1678497
NO_LABEL  Q2312760
NO_LABEL  Q2415274
NO_LABEL  Q2480685
EXCLUDED  Q2607502  types={'Q891723'}
NO_LABEL  Q2638043
NO_LABEL  Q2678853
NO_LABEL  Q2819045
NO_LABEL  Q3429783
NO_LABEL  Q3705861
NO_LABEL  Q3725300
NO_LABEL  Q3816639
NO_LABEL  Q3826414
NO_LABEL  Q4102028
NO_LABEL  Q4138035
NO_LABEL  Q5800710
EXCLUDED  Q6817498  types={'Q4167410'}
NO_LABEL  Q8380731
NO_LABEL  Q9131138
NO_LABEL  Q9134675
EXCLUDED  Q9340889  types={'Q4167410'}
NO_LABEL  Q9346804
NO_LABEL  Q9352835
NO_LABEL  Q9642012
NO_LABEL  Q11444857
NO_LABEL  Q11863655
NO_LABEL  Q11924048
NO_LABEL  Q12120257
NO_LABEL  Q12320990
NO_LABEL  Q12569694
NO_LABEL  Q13723788
NO_LABEL  Q15874140
NO_LABEL  Q15875841
NO_LABEL  Q15875923
NO_LABEL  Q16195922
NO_LABEL  Q16382509
NO_LABEL  Q21036704
NO_LABEL  Q22583390
NO_LABEL  Q28553528
NO_LABEL  Q28843797
NO_LABEL  Q33257552
NO_LABEL  Q36629227
EXCLUDED  Q37084661  types={'Q13442814'}
EXCLUDED  Q59179435  types={'Q13442814'}
EXCLUDED  Q59759477  types={'Q13442814'}
BAD_LABEL  Q87496148  raw='='
NO_LABEL  Q96237638
NO_LABEL  Q106882479
NO_LABEL  Q107569974
NO_LABEL  Q111207413
NO_LABEL  Q112165752
NO_LABEL  Q113699194
NO_LABEL  Q114041994
NO_LABEL  Q114194091
NO_LABEL  Q116131016
NO_LABEL  Q120507433
NO_LABEL  Q120507503
NO_LABEL  Q120508113
NO_LABEL  Q120508922
NO_LABEL  Q120508934
NO_LABEL  Q120508945
NO_LABEL  Q120508986
NO_LABEL  Q120508992
NO_LABEL  Q120508996
NO_LABEL  Q120508997
NO_LABEL  Q120509001
EXCLUDED  Q122446123  types={'Q13442814'}
EXCLUDED  Q123808008  types={'Q783794'}
EXCLUDED  Q124813250  types={'Q43229'}
NO_LABEL  Q124847490
NO_LABEL  Q130537652
NO_LABEL  Q130719696
NO_LABEL  Q133266885
NO_LABEL  Q133456432
NO_LABEL  Q133883105
NO_LABEL  Q133963165
NO_LABEL  Q134078239
NO_LABEL  Q134088988
NO_LABEL  Q134559470
NO_LABEL  Q134776306
NO_LABEL  Q135154935
NO_LABEL  Q135926697
NO_LABEL  Q136450730
NO_LABEL  Q137461823
NO_LABEL  Q137597215
NO_LABEL  Q137605178
NO_LABEL  Q137643782
NO_LABEL  Q137693161
NO_LABEL  Q137776900
NO_LABEL  Q137826811
NO_LABEL  Q137955765
NO_LABEL  Q137965129
NO_LABEL  Q138312084
EXCLUDED  Q138349804  types={'Q783794'}
EXCLUDED  Q41  types={'Q6256'}
NO_LABEL  Q698
NO_LABEL  Q850
NO_LABEL  Q15777
EXCLUDED  Q37312  types={'Q783794'}
NO_LABEL  Q47607
NO_LABEL  Q63966
EXCLUDED  Q228200  types={'Q4167410'}
NO_LABEL  Q273381
EXCLUDED  Q295193  types={'Q4167410'}
EXCLUDED  Q327247  types={'Q891723'}
EXCLUDED  Q403887  types={'Q4167410'}
EXCLUDED  Q483915  types={'Q891723'}
NO_LABEL  Q576591
NO_LABEL  Q591147
NO_LABEL  Q636527
NO_LABEL  Q1024234
NO_LABEL  Q1049511
NO_LABEL  Q1167841
EXCLUDED  Q1174537  types={'Q5'}
NO_LABEL  Q1194038
NO_LABEL  Q1247163
NO_LABEL  Q1316892
NO_LABEL  Q1460948
NO_LABEL  Q1476052
NO_LABEL  Q1520497
NO_LABEL  Q1595889
NO_LABEL  Q1979013
NO_LABEL  Q2082350
NO_LABEL  Q2306566
NO_LABEL  Q2369555
NO_LABEL  Q2614368
NO_LABEL  Q2667968
NO_LABEL  Q2868310
NO_LABEL  Q2934734
NO_LABEL  Q3087361
EXCLUDED  Q3217907  types={'Q783794'}
NO_LABEL  Q3492357
NO_LABEL  Q4056178
NO_LABEL  Q4151639
NO_LABEL  Q4380097
NO_LABEL  Q4454152
NO_LABEL  Q4811852
EXCLUDED  Q4939751  types={'Q4167410'}
EXCLUDED  Q5174747  types={'Q4167410'}
EXCLUDED  Q5280664  types={'Q4167410'}
EXCLUDED  Q6545498  types={'Q43229'}
EXCLUDED  Q7683692  types={'Q4167410'}
EXCLUDED  Q7940301  types={'Q4167410'}
NO_LABEL  Q9130619
EXCLUDED  Q9275152  types={'Q4167410'}
NO_LABEL  Q11421310
NO_LABEL  Q11555012
NO_LABEL  Q11652067
NO_LABEL  Q12035640
NO_LABEL  Q12418421
NO_LABEL  Q12505201
NO_LABEL  Q12714625
NO_LABEL  Q12718420
NO_LABEL  Q12976194
NO_LABEL  Q14296142
NO_LABEL  Q15107877
NO_LABEL  Q15875924
NO_LABEL  Q15931632
NO_LABEL  Q19493238
NO_LABEL  Q19787408
NO_LABEL  Q20081522
NO_LABEL  Q20920453
NO_LABEL  Q22773963
NO_LABEL  Q24590003
NO_LABEL  Q28150435
NO_LABEL  Q28712168
NO_LABEL  Q28913424
EXCLUDED  Q29509653  types={'Q783794'}
EXCLUDED  Q33111406  types={'Q4167836'}
EXCLUDED  Q54008000  types={'Q13442814'}
NO_LABEL  Q56351037
EXCLUDED  Q58730533  types={'Q13442814'}
EXCLUDED  Q58875937  types={'Q13442814'}
EXCLUDED  Q68043376  types={'Q13442814'}
NO_LABEL  Q75294111
NO_LABEL  Q88550122
EXCLUDED  Q93107204  types={'Q13442814'}
EXCLUDED  Q94316555  types={'Q13442814'}
NO_LABEL  Q108093906
NO_LABEL  Q114041828
NO_LABEL  Q116624405
NO_LABEL  Q116695192
NO_LABEL  Q117788817
NO_LABEL  Q118727818
NO_LABEL  Q120335932
NO_LABEL  Q120508116
NO_LABEL  Q120508173
NO_LABEL  Q120508181
NO_LABEL  Q120508968
NO_LABEL  Q120508995
NO_LABEL  Q120509004
NO_LABEL  Q121411945
NO_LABEL  Q123698856
NO_LABEL  Q123943974
NO_LABEL  Q124317263
NO_LABEL  Q124364443
NO_LABEL  Q124376102
NO_LABEL  Q124847480
NO_LABEL  Q124883305
EXCLUDED  Q125132818  types={'Q891723'}
NO_LABEL  Q125745080
NO_LABEL  Q126414596
NO_LABEL  Q127980516
NO_LABEL  Q130265106
NO_LABEL  Q131375409
NO_LABEL  Q131389525
NO_LABEL  Q131410547
NO_LABEL  Q132473603
NO_LABEL  Q132473609
EXCLUDED  Q132601841  types={'Q13442814'}
NO_LABEL  Q133231874
NO_LABEL  Q133464420
NO_LABEL  Q133816059
NO_LABEL  Q133816239
NO_LABEL  Q133827900
NO_LABEL  Q133868691
NO_LABEL  Q133869158
NO_LABEL  Q133898154
NO_LABEL  Q134974936
NO_LABEL  Q135060640
NO_LABEL  Q135267368
NO_LABEL  Q135273327
NO_LABEL  Q135928108
NO_LABEL  Q137171669
NO_LABEL  Q137178139
NO_LABEL  Q137184428
NO_LABEL  Q137299822
NO_LABEL  Q137395977
NO_LABEL  Q137571299
NO_LABEL  Q137596072
NO_LABEL  Q137596472
NO_LABEL  Q137596972
NO_LABEL  Q137776837
NO_LABEL  Q137944669
NO_LABEL  Q7540
EXCLUDED  Q41187  types={'Q891723'}
NO_LABEL  Q41242
NO_LABEL  Q44294
EXCLUDED  Q136570  types={'Q891723'}
EXCLUDED  Q177054  types={'Q783794'}
NO_LABEL  Q200912
NO_LABEL  Q333618
EXCLUDED  Q459965  types={'Q891723'}
NO_LABEL  Q759543
EXCLUDED  Q781365  types={'Q43229'}
NO_LABEL  Q789787
NO_LABEL  Q845875
EXCLUDED  Q861042  types={'Q891723'}
NO_LABEL  Q880102
NO_LABEL  Q923654
NO_LABEL  Q1204597
EXCLUDED  Q1210425  types={'Q43229'}
EXCLUDED  Q1337797  types={'Q891723'}
NO_LABEL  Q1387742
NO_LABEL  Q1656764
NO_LABEL  Q1724880
NO_LABEL  Q1756489
NO_LABEL  Q1833700
EXCLUDED  Q2120822  types={'Q43229'}
NO_LABEL  Q2138632
NO_LABEL  Q2230570
NO_LABEL  Q2237880
NO_LABEL  Q2243305
NO_LABEL  Q2454395
NO_LABEL  Q2590737
NO_LABEL  Q2651005
NO_LABEL  Q2682038
NO_LABEL  Q2915680
NO_LABEL  Q3094802
NO_LABEL  Q3920699
EXCLUDED  Q4035313  types={'Q43229'}
NO_LABEL  Q4292757
EXCLUDED  Q5570544  types={'Q891723'}
EXCLUDED  Q6410586  types={'Q43229'}
NO_LABEL  Q6497116
EXCLUDED  Q7395132  types={'Q4167410'}
BAD_LABEL  Q7907710  raw='V'
NO_LABEL  Q10332574
NO_LABEL  Q10352095
NO_LABEL  Q10402807
NO_LABEL  Q10434748
NO_LABEL  Q10671451
NO_LABEL  Q11195442
NO_LABEL  Q11334995
NO_LABEL  Q11838226
NO_LABEL  Q12075995
NO_LABEL  Q12142439
NO_LABEL  Q12549853
NO_LABEL  Q13398650
NO_LABEL  Q14123033
NO_LABEL  Q14523812
EXCLUDED  Q15851428  types={'Q4167410'}
NO_LABEL  Q18406804
NO_LABEL  Q19612811
EXCLUDED  Q21198761  types={'Q13442814'}
NO_LABEL  Q28070625
NO_LABEL  Q28718547
NO_LABEL  Q29032648
EXCLUDED  Q30151719  types={'Q13442814'}
NO_LABEL  Q31839609
NO_LABEL  Q47505853
EXCLUDED  Q53998535  types={'Q13442814'}
EXCLUDED  Q55090238  types={'Q43229'}
NO_LABEL  Q56296570
NO_LABEL  Q56422976
NO_LABEL  Q56648382
EXCLUDED  Q56888167  types={'Q13442814'}
EXCLUDED  Q57690220  types={'Q13442814'}
NO_LABEL  Q61917112
NO_LABEL  Q61917121
NO_LABEL  Q61917125
NO_LABEL  Q64617329
NO_LABEL  Q65041106
EXCLUDED  Q73964284  types={'Q13442814'}
EXCLUDED  Q74763225  types={'Q13442814'}
EXCLUDED  Q77700695  types={'Q783794'}
EXCLUDED  Q85400107  types={'Q4167410'}
BAD_LABEL  Q87496259  raw=']'
NO_LABEL  Q87496329
NO_LABEL  Q98855048
NO_LABEL  Q105396963
NO_LABEL  Q106288990
NO_LABEL  Q107435063
NO_LABEL  Q108094203
NO_LABEL  Q108337227
NO_LABEL  Q108841629
NO_LABEL  Q109285421
NO_LABEL  Q110271959
EXCLUDED  Q113020417  types={'Q13442814'}
EXCLUDED  Q113443562  types={'Q13442814'}
NO_LABEL  Q113624253
NO_LABEL  Q113699205
NO_LABEL  Q113952442
NO_LABEL  Q114165018
NO_LABEL  Q114192358
NO_LABEL  Q120508921
NO_LABEL  Q120508924
NO_LABEL  Q120508989
NO_LABEL  Q120508998
NO_LABEL  Q120509023
EXCLUDED  Q124317030  types={'Q13442814'}
NO_LABEL  Q124808328
NO_LABEL  Q125688511
NO_LABEL  Q125710805
NO_LABEL  Q126281714
NO_LABEL  Q127980853
NO_LABEL  Q130383994
NO_LABEL  Q132497032
NO_LABEL  Q133447760
EXCLUDED  Q133847948  types={'Q783794'}
NO_LABEL  Q133868502
NO_LABEL  Q133895377
NO_LABEL  Q133895859
NO_LABEL  Q134579814
NO_LABEL  Q135271047
NO_LABEL  Q135273266
NO_LABEL  Q135409406
NO_LABEL  Q136205422
NO_LABEL  Q136566598
NO_LABEL  Q137039330
NO_LABEL  Q137425606
NO_LABEL  Q137593641
NO_LABEL  Q137659924
NO_LABEL  Q137766712
NO_LABEL  Q137775634
NO_LABEL  Q137795037
NO_LABEL  Q137948678
NO_LABEL  Q137972876
NO_LABEL  Q81229
EXCLUDED  Q133973  types={'Q43229'}
NO_LABEL  Q188199
NO_LABEL  Q191782
NO_LABEL  Q242747
EXCLUDED  Q256831  types={'Q4167410'}
EXCLUDED  Q371924  types={'Q43229'}
EXCLUDED  Q458363  types={'Q891723'}
NO_LABEL  Q491674
NO_LABEL  Q642647
NO_LABEL  Q1008324
NO_LABEL  Q1066769
EXCLUDED  Q1145669  types={'Q891723'}
EXCLUDED  Q1273306  types={'Q43229'}
NO_LABEL  Q1563177
NO_LABEL  Q1786906
NO_LABEL  Q2001339
EXCLUDED  Q2099541  types={'Q4167410'}
NO_LABEL  Q2193405
NO_LABEL  Q2200504
NO_LABEL  Q2388128
NO_LABEL  Q2428195
NO_LABEL  Q2904276
NO_LABEL  Q2907024
NO_LABEL  Q2953763
NO_LABEL  Q2953766
NO_LABEL  Q2981041
NO_LABEL  Q3025536
EXCLUDED  Q3322912  types={'Q4167410'}
EXCLUDED  Q3362814  types={'Q4167410'}
NO_LABEL  Q3536657
NO_LABEL  Q4032530
NO_LABEL  Q4296691
NO_LABEL  Q4443484
NO_LABEL  Q6699177
NO_LABEL  Q7098678
EXCLUDED  Q7187694  types={'Q4167410'}
EXCLUDED  Q7461954  types={'Q4167836'}
NO_LABEL  Q10493892
NO_LABEL  Q11990227
EXCLUDED  Q12314814  types={'Q17362920'}
NO_LABEL  Q12336250
NO_LABEL  Q12955821
EXCLUDED  Q15272197  types={'Q5'}
EXCLUDED  Q15401349  types={'Q891723'}
EXCLUDED  Q15617217  types={'Q4167410'}
NO_LABEL  Q15617633
NO_LABEL  Q15728205
NO_LABEL  Q15875922
NO_LABEL  Q15915558
NO_LABEL  Q15916865
EXCLUDED  Q16873704  types={'Q4167410'}
NO_LABEL  Q17775431
NO_LABEL  Q18193478
NO_LABEL  Q19544049
NO_LABEL  Q21088014
NO_LABEL  Q21403005
EXCLUDED  Q22909695  types={'Q783794'}
NO_LABEL  Q25392893
EXCLUDED  Q28451273  types={'Q783794'}
NO_LABEL  Q28517958
NO_LABEL  Q28913387
EXCLUDED  Q34465295  types={'Q13442814'}
NO_LABEL  Q55525556
NO_LABEL  Q56313552
EXCLUDED  Q57469935  types={'Q13442814'}
EXCLUDED  Q57999263  types={'Q13442814'}
NO_LABEL  Q60429357
NO_LABEL  Q61917110
NO_LABEL  Q62091058
NO_LABEL  Q64854331
NO_LABEL  Q66317772
NO_LABEL  Q70644583
NO_LABEL  Q97119136
NO_LABEL  Q108841947
NO_LABEL  Q109001687
NO_LABEL  Q111209935
NO_LABEL  Q113952418
EXCLUDED  Q116763588  types={'Q43229'}
NO_LABEL  Q118843834
NO_LABEL  Q120298587
NO_LABEL  Q120508117
NO_LABEL  Q120508170
NO_LABEL  Q120508172
NO_LABEL  Q120508193
NO_LABEL  Q120508927
NO_LABEL  Q120508943
NO_LABEL  Q120508963
NO_LABEL  Q120508988
NO_LABEL  Q120508993
NO_LABEL  Q120509016
NO_LABEL  Q120509022
NO_LABEL  Q120512623
NO_LABEL  Q122761124
NO_LABEL  Q125621098
NO_LABEL  Q127420090
NO_LABEL  Q128419732
NO_LABEL  Q130257382
NO_LABEL  Q130719352
NO_LABEL  Q131299312
NO_LABEL  Q133283641
NO_LABEL  Q133461788
NO_LABEL  Q133572474
NO_LABEL  Q133876325
NO_LABEL  Q133980691
NO_LABEL  Q134270226
NO_LABEL  Q135154582
NO_LABEL  Q135409623
NO_LABEL  Q135485227
NO_LABEL  Q137425322
NO_LABEL  Q137425640
NO_LABEL  Q137439462
NO_LABEL  Q137460475
NO_LABEL  Q137479867
NO_LABEL  Q137563111
NO_LABEL  Q137593590
NO_LABEL  Q137597070
NO_LABEL  Q137659896
NO_LABEL  Q137775475
NO_LABEL  Q138049448
