NO_LABEL  Q17452
NO_LABEL  Q58528
NO_LABEL  Q80048
NO_LABEL  Q81777
NO_LABEL  Q144559
NO_LABEL  Q169779
NO_LABEL  Q170014
NO_LABEL  Q190815
NO_LABEL  Q203679
NO_LABEL  Q214142
NO_LABEL  Q217423
NO_LABEL  Q220174
NO_LABEL  Q221186
NO_LABEL  Q247832
NO_LABEL  Q264678
NO_LABEL  Q297664
NO_LABEL  Q300633
NO_LABEL  Q303309
NO_LABEL  Q331253
NO_LABEL  Q336060
NO_LABEL  Q371282
NO_LABEL  Q381695
NO_LABEL  Q399638
NO_LABEL  Q406653
NO_LABEL  Q479267
NO_LABEL  Q483551
NO_LABEL  Q515411
NO_LABEL  Q540585
NO_LABEL  Q546418
NO_LABEL  Q548415
NO_LABEL  Q557975
NO_LABEL  Q590836
NO_LABEL  Q623278
NO_LABEL  Q638429
NO_LABEL  Q718448
NO_LABEL  Q722334
NO_LABEL  Q749651
NO_LABEL  Q760223
NO_LABEL  Q780613
NO_LABEL  Q793729
NO_LABEL  Q806602
NO_LABEL  Q806767
NO_LABEL  Q806939
NO_LABEL  Q809932
NO_LABEL  Q820217
NO_LABEL  Q829977
NO_LABEL  Q831946
NO_LABEL  Q848012
NO_LABEL  Q861531
NO_LABEL  Q874626
NO_LABEL  Q882630
NO_LABEL  Q884951
NO_LABEL  Q890904
NO_LABEL  Q891437
NO_LABEL  Q902612
NO_LABEL  Q906070
NO_LABEL  Q922787
NO_LABEL  Q954335
NO_LABEL  Q956511
NO_LABEL  Q988765
NO_LABEL  Q992869
NO_LABEL  Q995517
NO_LABEL  Q997131
NO_LABEL  Q997557
NO_LABEL  Q1008055
NO_LABEL  Q1014792
NO_LABEL  Q1035739
NO_LABEL  Q1036627
NO_LABEL  Q1054073
NO_LABEL  Q1060701
NO_LABEL  Q1061464
NO_LABEL  Q1068663
NO_LABEL  Q1069649
NO_LABEL  Q1096951
NO_LABEL  Q1113667
NO_LABEL  Q1128851
NO_LABEL  Q1132087
NO_LABEL  Q1135943
NO_LABEL  Q1148043
NO_LABEL  Q1148377
NO_LABEL  Q1151478
NO_LABEL  Q1151992
FICTIONAL  Q1185316  types={'Q17362920'}
NO_LABEL  Q1200150
NO_LABEL  Q1208308
NO_LABEL  Q1210998
NO_LABEL  Q1214828
NO_LABEL  Q1215517
NO_LABEL  Q1223321
NO_LABEL  Q1231501
NO_LABEL  Q1234013
NO_LABEL  Q1235117
NO_LABEL  Q1236462
NO_LABEL  Q1240571
NO_LABEL  Q1257652
NO_LABEL  Q1259079
NO_LABEL  Q1260801
NO_LABEL  Q1272057
NO_LABEL  Q1275345
NO_LABEL  Q1276063
NO_LABEL  Q1285793
NO_LABEL  Q1286108
NO_LABEL  Q1287137
NO_LABEL  Q1305412
NO_LABEL  Q1307026
NO_LABEL  Q1308508
NO_LABEL  Q1309843
NO_LABEL  Q1313617
NO_LABEL  Q1317759
NO_LABEL  Q1326213
NO_LABEL  Q1328604
NO_LABEL  Q1328960
NO_LABEL  Q1339392
NO_LABEL  Q1348834
NO_LABEL  Q1349522
NO_LABEL  Q1352027
NO_LABEL  Q1361492
NO_LABEL  Q1370127
NO_LABEL  Q1374738
NO_LABEL  Q1376250
NO_LABEL  Q1384351
NO_LABEL  Q1384852
NO_LABEL  Q1392014
NO_LABEL  Q1400711
NO_LABEL  Q1409539
NO_LABEL  Q1413108
NO_LABEL  Q1413896
NO_LABEL  Q1423266
NO_LABEL  Q1428280
NO_LABEL  Q1432806
NO_LABEL  Q1464501
NO_LABEL  Q1466182
NO_LABEL  Q1469855
NO_LABEL  Q1470515
NO_LABEL  Q1474191
NO_LABEL  Q1485306
NO_LABEL  Q1487544
NO_LABEL  Q1501216
NO_LABEL  Q1509067
NO_LABEL  Q1513305
NO_LABEL  Q1513856
NO_LABEL  Q1519654
NO_LABEL  Q1526667
NO_LABEL  Q1535922
NO_LABEL  Q1536821
NO_LABEL  Q1550902
NO_LABEL  Q1555099
NO_LABEL  Q1562600
NO_LABEL  Q1563014
NO_LABEL  Q1564332
NO_LABEL  Q1564352
NO_LABEL  Q1566105
NO_LABEL  Q1573259
NO_LABEL  Q1588669
NO_LABEL  Q1593969
NO_LABEL  Q1598608
NO_LABEL  Q1601238
NO_LABEL  Q1603878
NO_LABEL  Q1616088
NO_LABEL  Q1617218
NO_LABEL  Q1619582
NO_LABEL  Q1620335
NO_LABEL  Q1620652
NO_LABEL  Q1622453
NO_LABEL  Q1622463
NO_LABEL  Q1623126
NO_LABEL  Q1624410
NO_LABEL  Q1626591
NO_LABEL  Q1632832
NO_LABEL  Q1643287
NO_LABEL  Q1647908
NO_LABEL  Q1648939
NO_LABEL  Q1654521
NO_LABEL  Q1656245
NO_LABEL  Q1656267
NO_LABEL  Q1660721
NO_LABEL  Q1662444
NO_LABEL  Q1665212
NO_LABEL  Q1666435
NO_LABEL  Q1668011
NO_LABEL  Q1675430
NO_LABEL  Q1675431
NO_LABEL  Q1689751
NO_LABEL  Q1694627
NO_LABEL  Q1697654
NO_LABEL  Q1705452
NO_LABEL  Q1706384
NO_LABEL  Q1718451
NO_LABEL  Q1724984
NO_LABEL  Q1725178
NO_LABEL  Q1725313
NO_LABEL  Q1726085
NO_LABEL  Q1736672
NO_LABEL  Q1737466
NO_LABEL  Q1737935
NO_LABEL  Q1738580
NO_LABEL  Q1739305
NO_LABEL  Q1752079
NO_LABEL  Q137686640
NO_LABEL  Q137687601
NO_LABEL  Q137689078
NO_LABEL  Q137697755
NO_LABEL  Q137701514
NO_LABEL  Q137734223
NO_LABEL  Q137735604
NO_LABEL  Q137737293
NO_LABEL  Q137738300
NO_LABEL  Q137748802
NO_LABEL  Q137773443
NO_LABEL  Q137776948
NO_LABEL  Q137779231
NO_LABEL  Q137783529
NO_LABEL  Q137798897
NO_LABEL  Q137799088
NO_LABEL  Q137825932
NO_LABEL  Q137825953
NO_LABEL  Q137826007
NO_LABEL  Q137826010
NO_LABEL  Q137826012
NO_LABEL  Q137827561
NO_LABEL  Q137830952
NO_LABEL  Q137836180
NO_LABEL  Q137846478
NO_LABEL  Q137846649
NO_LABEL  Q137846672
NO_LABEL  Q137846687
NO_LABEL  Q137849187
NO_LABEL  Q137855615
NO_LABEL  Q137858667
NO_LABEL  Q137858705
NO_LABEL  Q137858881
NO_LABEL  Q137864374
NO_LABEL  Q137882993
NO_LABEL  Q137883512
NO_LABEL  Q137887182
NO_LABEL  Q137900255
NO_LABEL  Q137900378
NO_LABEL  Q137900489
NO_LABEL  Q137900754
NO_LABEL  Q137907821
NO_LABEL  Q137909668
NO_LABEL  Q137917671
NO_LABEL  Q137918864
NO_LABEL  Q137919241
NO_LABEL  Q137922125
NO_LABEL  Q137954673
NO_LABEL  Q137970705
NO_LABEL  Q137988390
NO_LABEL  Q137991877
NO_LABEL  Q137992445
NO_LABEL  Q137994786
NO_LABEL  Q137999373
NO_LABEL  Q138006635
NO_LABEL  Q138006807
NO_LABEL  Q138008452
NO_LABEL  Q138010067
NO_LABEL  Q138010456
NO_LABEL  Q138023805
NO_LABEL  Q138027178
NO_LABEL  Q138035590
NO_LABEL  Q138045339
NO_LABEL  Q138047125
NO_LABEL  Q138048207
NO_LABEL  Q138050942
NO_LABEL  Q138052002
NO_LABEL  Q138058181
NO_LABEL  Q138065017
NO_LABEL  Q138065250
NO_LABEL  Q138114454
NO_LABEL  Q138168374
NO_LABEL  Q138208313
NO_LABEL  Q138268802
NO_LABEL  Q138296551
NO_LABEL  Q138302098
NO_LABEL  Q138306663
NO_LABEL  Q138314235
NO_LABEL  Q138315751
NO_LABEL  Q138317696
NO_LABEL  Q138319830
NO_LABEL  Q138321512
NO_LABEL  Q138328742
NO_LABEL  Q138339791
NO_LABEL  Q138341853
NO_LABEL  Q138346612
NO_LABEL  Q138351554
NO_LABEL  Q138370522
NO_LABEL  Q138370527
NO_LABEL  Q138370556
NO_LABEL  Q138399802
NO_LABEL  Q138399818
NO_LABEL  Q138399826
NO_LABEL  Q138410557
NO_LABEL  Q138410572
NO_LABEL  Q138410573
NO_LABEL  Q138410710
NO_LABEL  Q138410711
NO_LABEL  Q138410713
NO_LABEL  Q138410872
NO_LABEL  Q138410920
NO_LABEL  Q138410928
NO_LABEL  Q138413176
NO_LABEL  Q138416643
NO_LABEL  Q138416930
NO_LABEL  Q138435340
NO_LABEL  Q138457065
NO_LABEL  Q138460046
NO_LABEL  Q57145
NO_LABEL  Q88759
NO_LABEL  Q145568
NO_LABEL  Q169858
NO_LABEL  Q182261
NO_LABEL  Q190525
NO_LABEL  Q211096
NO_LABEL  Q229299
NO_LABEL  Q244880
NO_LABEL  Q247210
NO_LABEL  Q287330
NO_LABEL  Q287782
NO_LABEL  Q293800
NO_LABEL  Q293978
NO_LABEL  Q296712
NO_LABEL  Q296891
NO_LABEL  Q332671
NO_LABEL  Q343491
NO_LABEL  Q377974
NO_LABEL  Q390840
NO_LABEL  Q393133
NO_LABEL  Q404263
NO_LABEL  Q420687
NO_LABEL  Q428297
NO_LABEL  Q431361
NO_LABEL  Q438229
NO_LABEL  Q449974
NO_LABEL  Q500146
NO_LABEL  Q511950
NO_LABEL  Q578147
NO_LABEL  Q598129
FICTIONAL  Q618888  types={'Q15632617'}
NO_LABEL  Q636192
NO_LABEL  Q654626
NO_LABEL  Q659758
NO_LABEL  Q672380
NO_LABEL  Q676587
NO_LABEL  Q688722
NO_LABEL  Q758272
NO_LABEL  Q758918
NO_LABEL  Q767076
NO_LABEL  Q779111
NO_LABEL  Q779182
NO_LABEL  Q783495
NO_LABEL  Q795745
NO_LABEL  Q797243
NO_LABEL  Q799098
NO_LABEL  Q804853
NO_LABEL  Q806655
NO_LABEL  Q811900
NO_LABEL  Q819942
NO_LABEL  Q821733
NO_LABEL  Q831034
NO_LABEL  Q846549
NO_LABEL  Q859380
NO_LABEL  Q863638
NO_LABEL  Q883950
NO_LABEL  Q892897
NO_LABEL  Q894244
NO_LABEL  Q900481
NO_LABEL  Q906206
NO_LABEL  Q911827
NO_LABEL  Q917204
NO_LABEL  Q946557
NO_LABEL  Q962865
NO_LABEL  Q971853
NO_LABEL  Q971909
NO_LABEL  Q987401
NO_LABEL  Q989701
NO_LABEL  Q1008053
NO_LABEL  Q1016838
NO_LABEL  Q1018934
NO_LABEL  Q1021854
NO_LABEL  Q1024861
NO_LABEL  Q1025987
NO_LABEL  Q1026045
NO_LABEL  Q1034590
NO_LABEL  Q1036268
NO_LABEL  Q1052680
NO_LABEL  Q1053421
NO_LABEL  Q1053659
NO_LABEL  Q1054119
NO_LABEL  Q1069537
NO_LABEL  Q1071762
NO_LABEL  Q1097899
NO_LABEL  Q1105509
NO_LABEL  Q1121702
NO_LABEL  Q1124452
NO_LABEL  Q1125314
NO_LABEL  Q1156703
NO_LABEL  Q1169611
NO_LABEL  Q1172570
NO_LABEL  Q1191685
NO_LABEL  Q1197937
NO_LABEL  Q1199268
NO_LABEL  Q1201778
NO_LABEL  Q1203413
NO_LABEL  Q1207843
NO_LABEL  Q1212816
NO_LABEL  Q1213726
NO_LABEL  Q1224574
NO_LABEL  Q1224635
NO_LABEL  Q1225082
NO_LABEL  Q1230069
NO_LABEL  Q1235617
NO_LABEL  Q1236457
NO_LABEL  Q1249205
NO_LABEL  Q1254066
NO_LABEL  Q1255394
NO_LABEL  Q1256683
NO_LABEL  Q1265130
NO_LABEL  Q1270961
NO_LABEL  Q1271495
NO_LABEL  Q1274457
NO_LABEL  Q1275162
NO_LABEL  Q1275848
NO_LABEL  Q1295140
NO_LABEL  Q1301192
NO_LABEL  Q1307285
NO_LABEL  Q1307861
NO_LABEL  Q1309922
NO_LABEL  Q1318448
NO_LABEL  Q1319804
NO_LABEL  Q1320220
NO_LABEL  Q1334584
NO_LABEL  Q1335663
NO_LABEL  Q1349504
NO_LABEL  Q1361641
NO_LABEL  Q1368084
NO_LABEL  Q1382150
NO_LABEL  Q1384873
NO_LABEL  Q1385559
NO_LABEL  Q1388023
NO_LABEL  Q1389979
NO_LABEL  Q1396315
NO_LABEL  Q1406437
NO_LABEL  Q1408240
NO_LABEL  Q1411868
NO_LABEL  Q1414253
NO_LABEL  Q1416130
NO_LABEL  Q1416641
NO_LABEL  Q1420037
NO_LABEL  Q1423008
NO_LABEL  Q1426902
NO_LABEL  Q1428756
NO_LABEL  Q1429510
NO_LABEL  Q1430283
NO_LABEL  Q1435607
NO_LABEL  Q1441558
NO_LABEL  Q1450063
NO_LABEL  Q1460349
NO_LABEL  Q1460951
NO_LABEL  Q1468570
NO_LABEL  Q1469061
NO_LABEL  Q1469216
NO_LABEL  Q1471249
NO_LABEL  Q1483615
NO_LABEL  Q1483978
NO_LABEL  Q1499711
NO_LABEL  Q1507765
NO_LABEL  Q1511660
NO_LABEL  Q1517130
NO_LABEL  Q1519170
NO_LABEL  Q1519471
NO_LABEL  Q1529693
NO_LABEL  Q1531674
NO_LABEL  Q1546457
NO_LABEL  Q1555587
NO_LABEL  Q1557284
NO_LABEL  Q1563813
NO_LABEL  Q1566260
NO_LABEL  Q1569806
NO_LABEL  Q1571724
NO_LABEL  Q1575344
NO_LABEL  Q1575608
NO_LABEL  Q1587985
NO_LABEL  Q1588403
NO_LABEL  Q1592451
NO_LABEL  Q1595903
NO_LABEL  Q1609599
NO_LABEL  Q1612937
NO_LABEL  Q1614854
NO_LABEL  Q1622470
NO_LABEL  Q1622476
NO_LABEL  Q1622487
NO_LABEL  Q1630954
NO_LABEL  Q1631592
NO_LABEL  Q1633666
NO_LABEL  Q138023809
NO_LABEL  Q138023824
NO_LABEL  Q138024546
NO_LABEL  Q138026830
NO_LABEL  Q138028476
NO_LABEL  Q138029682
NO_LABEL  Q138030996
NO_LABEL  Q138047018
NO_LABEL  Q138048426
NO_LABEL  Q138048540
NO_LABEL  Q138079626
NO_LABEL  Q138089976
NO_LABEL  Q138103506
NO_LABEL  Q138194757
NO_LABEL  Q138222822
NO_LABEL  Q138225333
NO_LABEL  Q138241591
NO_LABEL  Q138298720
NO_LABEL  Q138298789
NO_LABEL  Q138300063
NO_LABEL  Q138300221
NO_LABEL  Q138315601
NO_LABEL  Q138316392
NO_LABEL  Q138317428
NO_LABEL  Q138330820
NO_LABEL  Q138332675
NO_LABEL  Q138332745
NO_LABEL  Q138351456
NO_LABEL  Q138370524
NO_LABEL  Q138370534
NO_LABEL  Q138370539
NO_LABEL  Q138378928
NO_LABEL  Q138387713
NO_LABEL  Q138388855
NO_LABEL  Q138399792
NO_LABEL  Q138399796
NO_LABEL  Q138399798
NO_LABEL  Q138399800
NO_LABEL  Q138399803
NO_LABEL  Q138399820
NO_LABEL  Q138399822
NO_LABEL  Q138405789
NO_LABEL  Q138405798
NO_LABEL  Q138410561
NO_LABEL  Q138410568
NO_LABEL  Q138410915
NO_LABEL  Q138413173
NO_LABEL  Q138413179
NO_LABEL  Q138413181
NO_LABEL  Q138413187
NO_LABEL  Q138413199
NO_LABEL  Q138413200
NO_LABEL  Q138416906
NO_LABEL  Q138425192
NO_LABEL  Q138448301
NO_LABEL  Q138448348
NO_LABEL  Q54859
NO_LABEL  Q128794
NO_LABEL  Q142949
NO_LABEL  Q197545
NO_LABEL  Q200491
NO_LABEL  Q278255
NO_LABEL  Q279123
NO_LABEL  Q301367
NO_LABEL  Q304076
NO_LABEL  Q387426
NO_LABEL  Q388929
NO_LABEL  Q389431
NO_LABEL  Q438239
NO_LABEL  Q459492
NO_LABEL  Q508136
NO_LABEL  Q568831
NO_LABEL  Q588710
NO_LABEL  Q596536
NO_LABEL  Q602536
NO_LABEL  Q634375
NO_LABEL  Q651679
NO_LABEL  Q655376
NO_LABEL  Q671012
NO_LABEL  Q673843
NO_LABEL  Q674750
NO_LABEL  Q698705
NO_LABEL  Q738698
NO_LABEL  Q752925
NO_LABEL  Q760103
NO_LABEL  Q764069
NO_LABEL  Q767456
NO_LABEL  Q778875
NO_LABEL  Q783501
NO_LABEL  Q783566
NO_LABEL  Q786089
NO_LABEL  Q790765
NO_LABEL  Q797138
NO_LABEL  Q811876
NO_LABEL  Q813011
NO_LABEL  Q818473
NO_LABEL  Q825577
NO_LABEL  Q880040
NO_LABEL  Q898307
NO_LABEL  Q923440
NO_LABEL  Q925126
NO_LABEL  Q929400
NO_LABEL  Q931617
NO_LABEL  Q994857
NO_LABEL  Q995170
NO_LABEL  Q995571
NO_LABEL  Q996897
NO_LABEL  Q1000294
NO_LABEL  Q1004141
NO_LABEL  Q1010145
NO_LABEL  Q1017380
NO_LABEL  Q1020523
NO_LABEL  Q1023826
NO_LABEL  Q1024177
NO_LABEL  Q1025906
NO_LABEL  Q1027347
NO_LABEL  Q1030304
NO_LABEL  Q1031641
NO_LABEL  Q1036625
NO_LABEL  Q1046097
NO_LABEL  Q1046661
NO_LABEL  Q1047256
NO_LABEL  Q1047410
NO_LABEL  Q1051900
NO_LABEL  Q1052175
NO_LABEL  Q1052561
NO_LABEL  Q1054002
NO_LABEL  Q1062167
NO_LABEL  Q1062256
NO_LABEL  Q1068330
NO_LABEL  Q1114948
NO_LABEL  Q1121147
NO_LABEL  Q1134778
NO_LABEL  Q1142323
NO_LABEL  Q1150376
NO_LABEL  Q1164624
NO_LABEL  Q1167253
NO_LABEL  Q1167411
NO_LABEL  Q1168131
NO_LABEL  Q1170379
NO_LABEL  Q1170928
NO_LABEL  Q1171444
NO_LABEL  Q1172270
NO_LABEL  Q1175227
NO_LABEL  Q1179922
NO_LABEL  Q1193080
NO_LABEL  Q1201818
NO_LABEL  Q1206328
NO_LABEL  Q1214298
NO_LABEL  Q1236252
NO_LABEL  Q1242525
NO_LABEL  Q1244693
NO_LABEL  Q1245439
NO_LABEL  Q1246590
NO_LABEL  Q1248917
NO_LABEL  Q1254647
NO_LABEL  Q1256389
NO_LABEL  Q1258246
NO_LABEL  Q1260028
NO_LABEL  Q1269365
NO_LABEL  Q1270951
NO_LABEL  Q1272386
NO_LABEL  Q1275914
NO_LABEL  Q1276502
NO_LABEL  Q1278332
NO_LABEL  Q1285307
NO_LABEL  Q1287934
NO_LABEL  Q1301365
NO_LABEL  Q1305900
NO_LABEL  Q1312648
NO_LABEL  Q1314230
NO_LABEL  Q1320181
NO_LABEL  Q1321471
NO_LABEL  Q1328046
NO_LABEL  Q1330047
NO_LABEL  Q1334831
NO_LABEL  Q1349349
NO_LABEL  Q1362074
NO_LABEL  Q1365865
NO_LABEL  Q1373800
NO_LABEL  Q1378874
NO_LABEL  Q1383325
NO_LABEL  Q1392242
NO_LABEL  Q1393773
NO_LABEL  Q1394313
NO_LABEL  Q1415064
NO_LABEL  Q1416532
NO_LABEL  Q1416929
NO_LABEL  Q1423596
NO_LABEL  Q1427657
NO_LABEL  Q1430118
NO_LABEL  Q1430890
NO_LABEL  Q1433274
NO_LABEL  Q1437515
NO_LABEL  Q1451590
NO_LABEL  Q1462250
NO_LABEL  Q1464133
NO_LABEL  Q1465083
NO_LABEL  Q1472780
NO_LABEL  Q1477787
NO_LABEL  Q1479280
NO_LABEL  Q1479427
NO_LABEL  Q1485290
NO_LABEL  Q1485301
NO_LABEL  Q1486356
NO_LABEL  Q1498497
NO_LABEL  Q1501519
NO_LABEL  Q1509290
NO_LABEL  Q1514023
NO_LABEL  Q1523602
NO_LABEL  Q1525631
NO_LABEL  Q1525961
NO_LABEL  Q1529053
NO_LABEL  Q1530235
NO_LABEL  Q1539086
NO_LABEL  Q1546528
NO_LABEL  Q1558655
NO_LABEL  Q1563024
NO_LABEL  Q1567670
NO_LABEL  Q1570869
NO_LABEL  Q1571454
NO_LABEL  Q1582667
NO_LABEL  Q1587848
NO_LABEL  Q1588934
NO_LABEL  Q1590507
NO_LABEL  Q1591023
NO_LABEL  Q1607642
NO_LABEL  Q1613805
NO_LABEL  Q1614082
NO_LABEL  Q1616787
NO_LABEL  Q1625972
NO_LABEL  Q1636798
NO_LABEL  Q1637541
NO_LABEL  Q1643306
NO_LABEL  Q1643331
NO_LABEL  Q1653394
NO_LABEL  Q1654177
NO_LABEL  Q1661863
NO_LABEL  Q1662133
NO_LABEL  Q1665709
NO_LABEL  Q1665813
NO_LABEL  Q1666531
NO_LABEL  Q1668831
NO_LABEL  Q1671739
NO_LABEL  Q1674567
NO_LABEL  Q1676642
NO_LABEL  Q1683331
NO_LABEL  Q1688319
NO_LABEL  Q1691897
NO_LABEL  Q1695907
NO_LABEL  Q1700257
NO_LABEL  Q27197
NO_LABEL  Q48413
NO_LABEL  Q163628
NO_LABEL  Q216140
NO_LABEL  Q239288
NO_LABEL  Q244923
NO_LABEL  Q266529
NO_LABEL  Q286515
BAD_LABEL  Q287662  raw='N'
NO_LABEL  Q288958
NO_LABEL  Q303292
NO_LABEL  Q322088
NO_LABEL  Q332724
NO_LABEL  Q335056
NO_LABEL  Q339468
NO_LABEL  Q381037
NO_LABEL  Q412772
NO_LABEL  Q424271
NO_LABEL  Q459488
NO_LABEL  Q526476
NO_LABEL  Q529531
NO_LABEL  Q532474
NO_LABEL  Q545816
NO_LABEL  Q563329
NO_LABEL  Q569417
NO_LABEL  Q594633
NO_LABEL  Q610122
NO_LABEL  Q648698
NO_LABEL  Q651609
NO_LABEL  Q719801
NO_LABEL  Q725120
NO_LABEL  Q739804
NO_LABEL  Q745897
NO_LABEL  Q752623
NO_LABEL  Q764331
NO_LABEL  Q789232
NO_LABEL  Q791618
NO_LABEL  Q802542
NO_LABEL  Q811540
NO_LABEL  Q814171
NO_LABEL  Q856798
NO_LABEL  Q862595
NO_LABEL  Q865719
NO_LABEL  Q891292
NO_LABEL  Q900358
NO_LABEL  Q902622
NO_LABEL  Q909181
NO_LABEL  Q946197
NO_LABEL  Q973635
BAD_LABEL  Q975529  raw='D'
NO_LABEL  Q980803
NO_LABEL  Q1001569
NO_LABEL  Q1009334
NO_LABEL  Q1022852
FICTIONAL  Q1022947  types={'Q4167410'}
NO_LABEL  Q1026002
NO_LABEL  Q1026222
NO_LABEL  Q1029276
NO_LABEL  Q1032493
NO_LABEL  Q1047291
NO_LABEL  Q1052666
NO_LABEL  Q1054004
NO_LABEL  Q1056403
NO_LABEL  Q1064017
NO_LABEL  Q1076407
NO_LABEL  Q1076484
NO_LABEL  Q1092485
NO_LABEL  Q1093344
NO_LABEL  Q1102369
NO_LABEL  Q1113740
NO_LABEL  Q1122013
NO_LABEL  Q1124467
NO_LABEL  Q1128755
NO_LABEL  Q1132511
NO_LABEL  Q1142929
NO_LABEL  Q1149406
NO_LABEL  Q1157608
NO_LABEL  Q1165488
NO_LABEL  Q1166214
NO_LABEL  Q1167917
NO_LABEL  Q1172178
NO_LABEL  Q1177395
NO_LABEL  Q1178075
NO_LABEL  Q1183086
NO_LABEL  Q1189923
NO_LABEL  Q1194495
NO_LABEL  Q1197127
NO_LABEL  Q1200405
NO_LABEL  Q1205269
NO_LABEL  Q1216391
NO_LABEL  Q1219290
NO_LABEL  Q1224708
NO_LABEL  Q1225617
NO_LABEL  Q1229303
NO_LABEL  Q1235435
NO_LABEL  Q1240367
NO_LABEL  Q1241093
NO_LABEL  Q1242809
NO_LABEL  Q1246619
NO_LABEL  Q1249014
NO_LABEL  Q1249034
NO_LABEL  Q1251022
NO_LABEL  Q1258138
NO_LABEL  Q1260276
NO_LABEL  Q1262079
NO_LABEL  Q1262434
NO_LABEL  Q1266899
NO_LABEL  Q1274284
NO_LABEL  Q1275592
NO_LABEL  Q1275810
NO_LABEL  Q1276388
NO_LABEL  Q1278577
NO_LABEL  Q1283419
NO_LABEL  Q1284619
NO_LABEL  Q1285283
NO_LABEL  Q1296654
NO_LABEL  Q1306487
NO_LABEL  Q1314542
NO_LABEL  Q1317060
NO_LABEL  Q1319143
NO_LABEL  Q1320161
NO_LABEL  Q1337547
NO_LABEL  Q1343231
NO_LABEL  Q1344160
NO_LABEL  Q1345460
NO_LABEL  Q1348361
NO_LABEL  Q1368831
NO_LABEL  Q1385990
NO_LABEL  Q1389232
NO_LABEL  Q1395711
NO_LABEL  Q1402388
NO_LABEL  Q1403087
NO_LABEL  Q1403269
NO_LABEL  Q1407799
NO_LABEL  Q1416464
NO_LABEL  Q1421922
NO_LABEL  Q1428056
NO_LABEL  Q1428611
NO_LABEL  Q1430756
NO_LABEL  Q1431486
NO_LABEL  Q1433846
NO_LABEL  Q1434525
NO_LABEL  Q1463437
NO_LABEL  Q1464935
NO_LABEL  Q1481822
NO_LABEL  Q1485202
NO_LABEL  Q1485748
NO_LABEL  Q1487086
NO_LABEL  Q1487484
NO_LABEL  Q1494740
NO_LABEL  Q1504525
NO_LABEL  Q1516805
NO_LABEL  Q1519548
NO_LABEL  Q1520772
NO_LABEL  Q1524513
NO_LABEL  Q1528611
NO_LABEL  Q1532813
NO_LABEL  Q1532971
NO_LABEL  Q1558033
NO_LABEL  Q1559378
NO_LABEL  Q1561944
NO_LABEL  Q1562493
NO_LABEL  Q1564321
NO_LABEL  Q1565320
NO_LABEL  Q1565876
NO_LABEL  Q1566032
NO_LABEL  Q1573714
NO_LABEL  Q1582056
NO_LABEL  Q1583643
NO_LABEL  Q1588481
NO_LABEL  Q1594786
NO_LABEL  Q1595719
NO_LABEL  Q1597265
NO_LABEL  Q1600602
NO_LABEL  Q1600653
NO_LABEL  Q1603321
NO_LABEL  Q1621633
NO_LABEL  Q1622467
NO_LABEL  Q1623042
NO_LABEL  Q1631043
NO_LABEL  Q1634417
NO_LABEL  Q1640294
NO_LABEL  Q1647921
NO_LABEL  Q1652512
NO_LABEL  Q1656468
NO_LABEL  Q1657419
NO_LABEL  Q1663147
NO_LABEL  Q1665914
NO_LABEL  Q1666070
NO_LABEL  Q1668913
NO_LABEL  Q1674562
NO_LABEL  Q1684733
NO_LABEL  Q1688563
NO_LABEL  Q1700802
NO_LABEL  Q1722330
NO_LABEL  Q1724557
NO_LABEL  Q1734295
NO_LABEL  Q1741807
NO_LABEL  Q1749543
NO_LABEL  Q1749842
NO_LABEL  Q1765255
NO_LABEL  Q1770906
NO_LABEL  Q1770979
NO_LABEL  Q1777981
NO_LABEL  Q1779460
NO_LABEL  Q1781418
NO_LABEL  Q1785723
NO_LABEL  Q1786893
NO_LABEL  Q1797250
NO_LABEL  Q1798214
NO_LABEL  Q1798252
NO_LABEL  Q1798420
NO_LABEL  Q1801191
NO_LABEL  Q1805544
NO_LABEL  Q1810059
NO_LABEL  Q1813375
NO_LABEL  Q1820012
NO_LABEL  Q1824228
NO_LABEL  Q1827062
NO_LABEL  Q1839987
NO_LABEL  Q1843688
NO_LABEL  Q1850031
NO_LABEL  Q1852990
NO_LABEL  Q1854687
NO_LABEL  Q40984
NO_LABEL  Q54854
NO_LABEL  Q62233
NO_LABEL  Q81481
NO_LABEL  Q122741
NO_LABEL  Q134773
NO_LABEL  Q179247
NO_LABEL  Q189274
NO_LABEL  Q207708
NO_LABEL  Q228370
NO_LABEL  Q229586
NO_LABEL  Q279224
NO_LABEL  Q279228
NO_LABEL  Q281243
NO_LABEL  Q284344
NO_LABEL  Q310422
NO_LABEL  Q319856
NO_LABEL  Q333797
NO_LABEL  Q341816
NO_LABEL  Q420751
NO_LABEL  Q427060
NO_LABEL  Q489988
NO_LABEL  Q512491
NO_LABEL  Q515378
NO_LABEL  Q594891
NO_LABEL  Q624789
NO_LABEL  Q682125
NO_LABEL  Q698447
NO_LABEL  Q726162
NO_LABEL  Q737723
NO_LABEL  Q746629
NO_LABEL  Q806146
NO_LABEL  Q807968
NO_LABEL  Q810228
NO_LABEL  Q811869
NO_LABEL  Q821676
NO_LABEL  Q837923
NO_LABEL  Q857879
NO_LABEL  Q866607
NO_LABEL  Q882473
NO_LABEL  Q888985
NO_LABEL  Q890850
NO_LABEL  Q894342
NO_LABEL  Q900186
NO_LABEL  Q908343
NO_LABEL  Q908382
NO_LABEL  Q932462
NO_LABEL  Q967778
NO_LABEL  Q990549
NO_LABEL  Q992833
NO_LABEL  Q997837
NO_LABEL  Q998531
NO_LABEL  Q1001021
NO_LABEL  Q1004055
NO_LABEL  Q1004780
NO_LABEL  Q1018927
NO_LABEL  Q1022274
NO_LABEL  Q1024559
NO_LABEL  Q1025985
NO_LABEL  Q1029906
NO_LABEL  Q1032785
NO_LABEL  Q1039411
NO_LABEL  Q1050143
NO_LABEL  Q1077993
NO_LABEL  Q1087482
NO_LABEL  Q1097525
NO_LABEL  Q1116936
NO_LABEL  Q1118475
NO_LABEL  Q1121410
NO_LABEL  Q1125381
NO_LABEL  Q1134766
NO_LABEL  Q1136196
NO_LABEL  Q1140411
NO_LABEL  Q1157753
NO_LABEL  Q1167663
NO_LABEL  Q1170102
NO_LABEL  Q1178935
NO_LABEL  Q1189818
NO_LABEL  Q1196559
NO_LABEL  Q1196834
NO_LABEL  Q1198106
NO_LABEL  Q1203046
NO_LABEL  Q1207024
NO_LABEL  Q1212544
NO_LABEL  Q1212878
NO_LABEL  Q1214182
NO_LABEL  Q1218611
NO_LABEL  Q1234263
NO_LABEL  Q1238284
NO_LABEL  Q1244100
NO_LABEL  Q1249738
NO_LABEL  Q1254374
NO_LABEL  Q1255673
NO_LABEL  Q1273141
NO_LABEL  Q1276647
NO_LABEL  Q1277597
NO_LABEL  Q1279605
NO_LABEL  Q1282772
NO_LABEL  Q1284531
NO_LABEL  Q1285561
NO_LABEL  Q1298370
NO_LABEL  Q1300760
NO_LABEL  Q1302253
NO_LABEL  Q1304729
NO_LABEL  Q1311377
NO_LABEL  Q1316599
NO_LABEL  Q1326214
NO_LABEL  Q1326898
NO_LABEL  Q1327167
NO_LABEL  Q1327175
NO_LABEL  Q1346809
NO_LABEL  Q1349200
NO_LABEL  Q1366444
NO_LABEL  Q1371019
NO_LABEL  Q1374834
NO_LABEL  Q1376963
NO_LABEL  Q1384254
NO_LABEL  Q1384776
NO_LABEL  Q1386897
NO_LABEL  Q1386935
NO_LABEL  Q1387800
NO_LABEL  Q1391620
NO_LABEL  Q1396762
NO_LABEL  Q1404720
NO_LABEL  Q1408723
NO_LABEL  Q1408873
NO_LABEL  Q1409344
NO_LABEL  Q1411262
NO_LABEL  Q1411986
NO_LABEL  Q1413753
NO_LABEL  Q1416336
NO_LABEL  Q1417158
NO_LABEL  Q1427427
NO_LABEL  Q1429090
NO_LABEL  Q1430312
NO_LABEL  Q1430724
NO_LABEL  Q1434130
NO_LABEL  Q1438270
NO_LABEL  Q1459927
NO_LABEL  Q1466580
NO_LABEL  Q1471517
NO_LABEL  Q1474305
NO_LABEL  Q1479787
NO_LABEL  Q1492440
NO_LABEL  Q1496564
NO_LABEL  Q1506796
NO_LABEL  Q1509608
NO_LABEL  Q1522394
NO_LABEL  Q1533786
NO_LABEL  Q1534568
NO_LABEL  Q1535823
NO_LABEL  Q1535968
NO_LABEL  Q1537489
NO_LABEL  Q1540342
NO_LABEL  Q1542983
NO_LABEL  Q1546648
NO_LABEL  Q1548117
NO_LABEL  Q1548532
NO_LABEL  Q1554862
NO_LABEL  Q1557017
NO_LABEL  Q1557329
NO_LABEL  Q1567722
NO_LABEL  Q1575215
NO_LABEL  Q1583295
NO_LABEL  Q1585040
NO_LABEL  Q1585620
NO_LABEL  Q1588760
NO_LABEL  Q1601359
NO_LABEL  Q1608121
NO_LABEL  Q1609873
NO_LABEL  Q1618833
NO_LABEL  Q1621281
NO_LABEL  Q1626158
NO_LABEL  Q1628048
NO_LABEL  Q1630601
NO_LABEL  Q1653379
NO_LABEL  Q1653855
NO_LABEL  Q1658341
NO_LABEL  Q1660121
NO_LABEL  Q1660289
NO_LABEL  Q1661136
NO_LABEL  Q1661987
NO_LABEL  Q1662404
NO_LABEL  Q1662645
NO_LABEL  Q1671989
NO_LABEL  Q1679115
NO_LABEL  Q1686946
NO_LABEL  Q1691847
NO_LABEL  Q1696563
NO_LABEL  Q1703470
NO_LABEL  Q1703640
NO_LABEL  Q1712275
NO_LABEL  Q1725982
NO_LABEL  Q1730407
NO_LABEL  Q1736681
NO_LABEL  Q1741613
NO_LABEL  Q1748647
NO_LABEL  Q1749574
NO_LABEL  Q1754927
NO_LABEL  Q1779852
NO_LABEL  Q1779993
NO_LABEL  Q1790658
NO_LABEL  Q1791523
NO_LABEL  Q1794754
NO_LABEL  Q1797302
NO_LABEL  Q1798417
NO_LABEL  Q1801473
NO_LABEL  Q1803628
NO_LABEL  Q1829394
NO_LABEL  Q1847089
NO_LABEL  Q1860728
NO_LABEL  Q1861602
NO_LABEL  Q1862296
NO_LABEL  Q1870724
NO_LABEL  Q1877431
NO_LABEL  Q1881537
NO_LABEL  Q1882096
NO_LABEL  Q1886359
NO_LABEL  Q1888939
NO_LABEL  Q1902253
NO_LABEL  Q1908206
NO_LABEL  Q27377
FICTIONAL  Q55530  types={'Q15632617'}
NO_LABEL  Q94893
BAD_LABEL  Q136597  raw='Z'
NO_LABEL  Q187057
NO_LABEL  Q191404
NO_LABEL  Q288505
NO_LABEL  Q295774
NO_LABEL  Q321831
NO_LABEL  Q358067
NO_LABEL  Q381500
NO_LABEL  Q408031
NO_LABEL  Q438237
NO_LABEL  Q473673
NO_LABEL  Q527661
NO_LABEL  Q537071
NO_LABEL  Q542207
NO_LABEL  Q607609
NO_LABEL  Q634703
NO_LABEL  Q642112
NO_LABEL  Q673593
NO_LABEL  Q678274
NO_LABEL  Q701027
NO_LABEL  Q712052
NO_LABEL  Q756457
NO_LABEL  Q760647
NO_LABEL  Q785714
NO_LABEL  Q791247
NO_LABEL  Q793181
NO_LABEL  Q793992
NO_LABEL  Q796889
NO_LABEL  Q798025
NO_LABEL  Q806144
NO_LABEL  Q810504
NO_LABEL  Q816245
NO_LABEL  Q817838
NO_LABEL  Q818226
NO_LABEL  Q826640
NO_LABEL  Q838212
NO_LABEL  Q842146
NO_LABEL  Q844519
NO_LABEL  Q857135
NO_LABEL  Q861877
NO_LABEL  Q864177
NO_LABEL  Q866222
NO_LABEL  Q868694
NO_LABEL  Q872106
NO_LABEL  Q880526
NO_LABEL  Q884293
NO_LABEL  Q885527
NO_LABEL  Q890515
NO_LABEL  Q893352
NO_LABEL  Q900354
NO_LABEL  Q909178
NO_LABEL  Q910642
NO_LABEL  Q911000
NO_LABEL  Q921303
NO_LABEL  Q922660
NO_LABEL  Q946785
NO_LABEL  Q995154
NO_LABEL  Q999676
NO_LABEL  Q1002673
NO_LABEL  Q1016936
NO_LABEL  Q1017102
NO_LABEL  Q1018117
NO_LABEL  Q1020034
NO_LABEL  Q1024234
NO_LABEL  Q1054441
NO_LABEL  Q1071414
NO_LABEL  Q1094216
NO_LABEL  Q1102337
NO_LABEL  Q1109674
NO_LABEL  Q1110312
NO_LABEL  Q1116531
NO_LABEL  Q1124448
NO_LABEL  Q1124472
NO_LABEL  Q1151224
NO_LABEL  Q1156287
NO_LABEL  Q1167535
NO_LABEL  Q1168851
NO_LABEL  Q1196091
NO_LABEL  Q1196180
NO_LABEL  Q1196320
NO_LABEL  Q1206154
NO_LABEL  Q1219120
NO_LABEL  Q1221337
NO_LABEL  Q1224237
NO_LABEL  Q1231677
NO_LABEL  Q1233015
NO_LABEL  Q1234095
NO_LABEL  Q1240067
NO_LABEL  Q1249848
NO_LABEL  Q1250497
NO_LABEL  Q1258108
NO_LABEL  Q1259119
NO_LABEL  Q1260206
NO_LABEL  Q1260239
NO_LABEL  Q1260326
NO_LABEL  Q1261655
NO_LABEL  Q1261780
NO_LABEL  Q1264187
NO_LABEL  Q1266052
NO_LABEL  Q1267437
NO_LABEL  Q1276535
NO_LABEL  Q1279963
NO_LABEL  Q1298160
NO_LABEL  Q1305242
NO_LABEL  Q1308333
NO_LABEL  Q1309161
NO_LABEL  Q1311388
NO_LABEL  Q1318850
NO_LABEL  Q1331201
NO_LABEL  Q1337545
NO_LABEL  Q1347061
NO_LABEL  Q1349921
NO_LABEL  Q1356055
NO_LABEL  Q1360337
NO_LABEL  Q1361870
NO_LABEL  Q1362078
NO_LABEL  Q1362311
NO_LABEL  Q1363381
NO_LABEL  Q1368406
NO_LABEL  Q1369929
NO_LABEL  Q1370754
NO_LABEL  Q1376811
NO_LABEL  Q1383303
NO_LABEL  Q1384226
NO_LABEL  Q1400774
NO_LABEL  Q1403098
NO_LABEL  Q1407808
NO_LABEL  Q1408477
NO_LABEL  Q1415432
NO_LABEL  Q1433792
NO_LABEL  Q1443948
NO_LABEL  Q1451756
NO_LABEL  Q1453745
NO_LABEL  Q1461291
NO_LABEL  Q1462828
NO_LABEL  Q1467655
NO_LABEL  Q1467839
NO_LABEL  Q1474911
NO_LABEL  Q1482991
NO_LABEL  Q1493764
NO_LABEL  Q1494160
NO_LABEL  Q1511981
NO_LABEL  Q1517832
NO_LABEL  Q1532474
NO_LABEL  Q1538591
NO_LABEL  Q1542358
NO_LABEL  Q1545272
NO_LABEL  Q1548693
NO_LABEL  Q1553426
NO_LABEL  Q1553986
NO_LABEL  Q1555264
NO_LABEL  Q1560164
NO_LABEL  Q1565770
NO_LABEL  Q1566201
NO_LABEL  Q1575336
NO_LABEL  Q1585814
NO_LABEL  Q1591853
NO_LABEL  Q1597744
NO_LABEL  Q1605964
NO_LABEL  Q1614489
NO_LABEL  Q1622509
NO_LABEL  Q1622965
NO_LABEL  Q1625491
NO_LABEL  Q1639597
NO_LABEL  Q1648505
NO_LABEL  Q1649605
NO_LABEL  Q1653079
NO_LABEL  Q1653132
NO_LABEL  Q1664470
NO_LABEL  Q1671399
NO_LABEL  Q1676398
NO_LABEL  Q1682474
NO_LABEL  Q1690691
NO_LABEL  Q1691075
NO_LABEL  Q1708639
NO_LABEL  Q1714313
NO_LABEL  Q1739771
NO_LABEL  Q1740268
NO_LABEL  Q1740824
NO_LABEL  Q1741953
NO_LABEL  Q1742478
NO_LABEL  Q1750150
NO_LABEL  Q1772573
NO_LABEL  Q1779737
NO_LABEL  Q1779856
NO_LABEL  Q1781274
NO_LABEL  Q1796141
NO_LABEL  Q1798434
NO_LABEL  Q1808641
NO_LABEL  Q1818839
NO_LABEL  Q1824181
NO_LABEL  Q1825313
NO_LABEL  Q1827281
NO_LABEL  Q1840221
NO_LABEL  Q1862302
NO_LABEL  Q1863472
NO_LABEL  Q1865292
NO_LABEL  Q44294
NO_LABEL  Q58024
NO_LABEL  Q93551
NO_LABEL  Q115183
NO_LABEL  Q145499
NO_LABEL  Q147789
NO_LABEL  Q190738
NO_LABEL  Q221692
NO_LABEL  Q227851
NO_LABEL  Q248645
NO_LABEL  Q254216
NO_LABEL  Q261974
NO_LABEL  Q263133
NO_LABEL  Q278309
NO_LABEL  Q282150
NO_LABEL  Q294796
NO_LABEL  Q297027
NO_LABEL  Q339348
NO_LABEL  Q358031
NO_LABEL  Q391519
BAD_LABEL  Q407009  raw='3'
NO_LABEL  Q422905
NO_LABEL  Q465168
NO_LABEL  Q491516
NO_LABEL  Q518976
NO_LABEL  Q523529
NO_LABEL  Q524848
NO_LABEL  Q624766
NO_LABEL  Q683630
NO_LABEL  Q689305
NO_LABEL  Q715583
NO_LABEL  Q782315
NO_LABEL  Q787632
NO_LABEL  Q802541
NO_LABEL  Q802577
NO_LABEL  Q806928
NO_LABEL  Q811502
NO_LABEL  Q811948
NO_LABEL  Q841969
NO_LABEL  Q845875
NO_LABEL  Q849724
NO_LABEL  Q853086
NO_LABEL  Q853941
NO_LABEL  Q859936
NO_LABEL  Q880202
NO_LABEL  Q886173
NO_LABEL  Q900208
NO_LABEL  Q902041
NO_LABEL  Q916714
NO_LABEL  Q973768
NO_LABEL  Q975878
NO_LABEL  Q980865
NO_LABEL  Q996381
NO_LABEL  Q1000991
NO_LABEL  Q1007902
NO_LABEL  Q1016706
NO_LABEL  Q1022395
NO_LABEL  Q1023565
NO_LABEL  Q1026791
NO_LABEL  Q1031833
NO_LABEL  Q1046652
NO_LABEL  Q1057630
NO_LABEL  Q1093478
NO_LABEL  Q1105318
NO_LABEL  Q1110583
NO_LABEL  Q1111417
NO_LABEL  Q1114277
NO_LABEL  Q1121413
NO_LABEL  Q1123014
NO_LABEL  Q1125047
NO_LABEL  Q1125069
NO_LABEL  Q1128758
NO_LABEL  Q1129034
NO_LABEL  Q1139272
NO_LABEL  Q1147147
NO_LABEL  Q1152927
NO_LABEL  Q1159212
NO_LABEL  Q1165279
NO_LABEL  Q1171523
NO_LABEL  Q1183141
NO_LABEL  Q1185213
NO_LABEL  Q1193066
NO_LABEL  Q1198399
NO_LABEL  Q1199795
NO_LABEL  Q1205190
NO_LABEL  Q1214184
NO_LABEL  Q1217674
NO_LABEL  Q1218494
NO_LABEL  Q1219524
NO_LABEL  Q1224322
NO_LABEL  Q1229031
NO_LABEL  Q1234356
NO_LABEL  Q1237089
NO_LABEL  Q1246657
NO_LABEL  Q1250216
NO_LABEL  Q1256113
NO_LABEL  Q1260933
NO_LABEL  Q1266715
NO_LABEL  Q1270386
NO_LABEL  Q1270393
NO_LABEL  Q1275796
NO_LABEL  Q1285334
NO_LABEL  Q1296301
NO_LABEL  Q1307163
NO_LABEL  Q1308393
NO_LABEL  Q1309216
NO_LABEL  Q1310352
NO_LABEL  Q1313969
NO_LABEL  Q1327737
NO_LABEL  Q1327963
NO_LABEL  Q1331378
NO_LABEL  Q1334990
NO_LABEL  Q1335891
NO_LABEL  Q1339746
NO_LABEL  Q1349405
NO_LABEL  Q1353509
NO_LABEL  Q1353610
NO_LABEL  Q1359308
NO_LABEL  Q1370868
NO_LABEL  Q1373643
NO_LABEL  Q1375098
NO_LABEL  Q1379568
NO_LABEL  Q1382585
NO_LABEL  Q1385287
NO_LABEL  Q1386307
NO_LABEL  Q1394752
NO_LABEL  Q1395216
NO_LABEL  Q1401669
NO_LABEL  Q1422227
NO_LABEL  Q1423725
NO_LABEL  Q1424078
NO_LABEL  Q1426038
NO_LABEL  Q1431884
NO_LABEL  Q1448053
NO_LABEL  Q1451376
NO_LABEL  Q1454418
NO_LABEL  Q1461054
NO_LABEL  Q1462334
NO_LABEL  Q1471200
NO_LABEL  Q1473267
NO_LABEL  Q1474875
NO_LABEL  Q1478503
NO_LABEL  Q1485447
NO_LABEL  Q1486469
NO_LABEL  Q1488190
NO_LABEL  Q1493889
NO_LABEL  Q1494239
NO_LABEL  Q1494251
NO_LABEL  Q1495206
NO_LABEL  Q1496968
NO_LABEL  Q1497389
NO_LABEL  Q1498551
NO_LABEL  Q1500864
NO_LABEL  Q1503692
NO_LABEL  Q1521272
NO_LABEL  Q1531761
NO_LABEL  Q1541652
NO_LABEL  Q1550507
NO_LABEL  Q1566643
NO_LABEL  Q1574734
NO_LABEL  Q1581080
NO_LABEL  Q1591146
NO_LABEL  Q1595598
NO_LABEL  Q1597044
NO_LABEL  Q1597319
NO_LABEL  Q1603086
NO_LABEL  Q1603752
NO_LABEL  Q1604594
NO_LABEL  Q1606650
NO_LABEL  Q1609989
NO_LABEL  Q1612630
NO_LABEL  Q1613792
NO_LABEL  Q1614304
NO_LABEL  Q1622505
NO_LABEL  Q1626151
NO_LABEL  Q1626160
NO_LABEL  Q1632746
NO_LABEL  Q1639244
NO_LABEL  Q1639482
NO_LABEL  Q1649036
NO_LABEL  Q1660091
NO_LABEL  Q1662600
NO_LABEL  Q1664361
NO_LABEL  Q1664425
NO_LABEL  Q1672289
NO_LABEL  Q1674493
NO_LABEL  Q1676367
NO_LABEL  Q1678666
NO_LABEL  Q1689540
NO_LABEL  Q1698514
NO_LABEL  Q1700353
NO_LABEL  Q1714821
NO_LABEL  Q1716270
NO_LABEL  Q1718847
NO_LABEL  Q1722797
NO_LABEL  Q1723158
NO_LABEL  Q1732110
NO_LABEL  Q1736900
NO_LABEL  Q1737876
NO_LABEL  Q1737937
NO_LABEL  Q1740359
NO_LABEL  Q1741312
NO_LABEL  Q1752055
NO_LABEL  Q1752442
NO_LABEL  Q1760302
NO_LABEL  Q1766198
NO_LABEL  Q1771927
NO_LABEL  Q1771942
NO_LABEL  Q1773130
NO_LABEL  Q1788592
NO_LABEL  Q1789717
NO_LABEL  Q1790741
NO_LABEL  Q1791505
NO_LABEL  Q1792910
NO_LABEL  Q1793113
NO_LABEL  Q59423
NO_LABEL  Q131607
NO_LABEL  Q184468
NO_LABEL  Q184990
NO_LABEL  Q200715
NO_LABEL  Q249269
NO_LABEL  Q288642
NO_LABEL  Q288670
NO_LABEL  Q292742
NO_LABEL  Q301277
NO_LABEL  Q303946
NO_LABEL  Q306617
NO_LABEL  Q323981
NO_LABEL  Q333084
NO_LABEL  Q381887
NO_LABEL  Q389727
NO_LABEL  Q489834
NO_LABEL  Q491674
NO_LABEL  Q532178
NO_LABEL  Q556619
NO_LABEL  Q618291
NO_LABEL  Q622145
NO_LABEL  Q656708
NO_LABEL  Q698874
NO_LABEL  Q711102
NO_LABEL  Q730822
NO_LABEL  Q747436
NO_LABEL  Q758838
NO_LABEL  Q773600
NO_LABEL  Q783505
NO_LABEL  Q789782
NO_LABEL  Q789902
NO_LABEL  Q790058
NO_LABEL  Q791014
NO_LABEL  Q796154
NO_LABEL  Q797234
NO_LABEL  Q806674
NO_LABEL  Q811946
NO_LABEL  Q812177
NO_LABEL  Q812267
NO_LABEL  Q812394
NO_LABEL  Q814843
NO_LABEL  Q824568
NO_LABEL  Q826639
NO_LABEL  Q830837
NO_LABEL  Q835486
NO_LABEL  Q856347
NO_LABEL  Q856904
NO_LABEL  Q857731
NO_LABEL  Q867164
NO_LABEL  Q876150
NO_LABEL  Q878557
NO_LABEL  Q884508
NO_LABEL  Q886096
NO_LABEL  Q909109
NO_LABEL  Q931455
NO_LABEL  Q939392
NO_LABEL  Q965458
NO_LABEL  Q966721
NO_LABEL  Q988308
NO_LABEL  Q996689
NO_LABEL  Q1001118
NO_LABEL  Q1009190
NO_LABEL  Q1009385
NO_LABEL  Q1019673
NO_LABEL  Q1022577
NO_LABEL  Q1026245
NO_LABEL  Q1028501
NO_LABEL  Q1031349
NO_LABEL  Q1036175
NO_LABEL  Q1040735
NO_LABEL  Q1044894
NO_LABEL  Q1056449
NO_LABEL  Q1057565
NO_LABEL  Q1064703
NO_LABEL  Q1077990
NO_LABEL  Q1093377
NO_LABEL  Q1117255
NO_LABEL  Q1117759
NO_LABEL  Q1123219
NO_LABEL  Q1123520
NO_LABEL  Q1124147
NO_LABEL  Q1124419
NO_LABEL  Q1124454
NO_LABEL  Q1129535
NO_LABEL  Q1131557
NO_LABEL  Q1131945
NO_LABEL  Q1137674
NO_LABEL  Q1139506
NO_LABEL  Q1143492
NO_LABEL  Q1152101
NO_LABEL  Q1155938
NO_LABEL  Q1158689
NO_LABEL  Q1160918
NO_LABEL  Q1162226
NO_LABEL  Q1166512
NO_LABEL  Q1171641
NO_LABEL  Q1184263
NO_LABEL  Q1184643
NO_LABEL  Q1190096
NO_LABEL  Q1193065
NO_LABEL  Q1196746
NO_LABEL  Q1200785
NO_LABEL  Q1215293
NO_LABEL  Q1225250
NO_LABEL  Q1230676
NO_LABEL  Q1235187
NO_LABEL  Q1236100
NO_LABEL  Q1244380
NO_LABEL  Q1253854
NO_LABEL  Q1260800
NO_LABEL  Q1270387
NO_LABEL  Q1272217
NO_LABEL  Q1273309
NO_LABEL  Q1273912
NO_LABEL  Q1275045
NO_LABEL  Q1278347
NO_LABEL  Q1286992
NO_LABEL  Q1294461
NO_LABEL  Q1302445
NO_LABEL  Q1305233
NO_LABEL  Q1308681
NO_LABEL  Q1312156
NO_LABEL  Q1316459
NO_LABEL  Q1317624
NO_LABEL  Q1320468
NO_LABEL  Q1326048
NO_LABEL  Q1326606
NO_LABEL  Q1348512
NO_LABEL  Q1348653
NO_LABEL  Q1348746
NO_LABEL  Q1356169
NO_LABEL  Q1356444
NO_LABEL  Q1361635
NO_LABEL  Q1361866
NO_LABEL  Q1362059
NO_LABEL  Q1366110
NO_LABEL  Q1375206
NO_LABEL  Q1380563
NO_LABEL  Q1384474
NO_LABEL  Q1384883
NO_LABEL  Q1389186
NO_LABEL  Q1396825
NO_LABEL  Q1399077
NO_LABEL  Q1406522
NO_LABEL  Q1416086
NO_LABEL  Q1419115
NO_LABEL  Q1419121
NO_LABEL  Q1420186
NO_LABEL  Q1445093
NO_LABEL  Q1451458
NO_LABEL  Q1454348
NO_LABEL  Q1456092
NO_LABEL  Q1456976
NO_LABEL  Q1467520
NO_LABEL  Q1479925
NO_LABEL  Q1484526
NO_LABEL  Q1494774
NO_LABEL  Q1497281
NO_LABEL  Q1500856
NO_LABEL  Q1501104
NO_LABEL  Q1502817
NO_LABEL  Q1505775
NO_LABEL  Q1506138
NO_LABEL  Q1518728
NO_LABEL  Q1520767
NO_LABEL  Q1529663
NO_LABEL  Q1532722
NO_LABEL  Q1544030
NO_LABEL  Q1545487
NO_LABEL  Q1548772
NO_LABEL  Q1551856
NO_LABEL  Q1559560
NO_LABEL  Q1566264
NO_LABEL  Q1572399
NO_LABEL  Q1575627
NO_LABEL  Q1591320
NO_LABEL  Q1615682
NO_LABEL  Q1631969
NO_LABEL  Q1641645
NO_LABEL  Q1644487
NO_LABEL  Q1649170
NO_LABEL  Q1653604
NO_LABEL  Q1655062
NO_LABEL  Q1655920
NO_LABEL  Q1657830
NO_LABEL  Q1664301
NO_LABEL  Q1670241
NO_LABEL  Q1671567
NO_LABEL  Q1673752
NO_LABEL  Q1676020
NO_LABEL  Q1697408
NO_LABEL  Q1704901
NO_LABEL  Q1708742
NO_LABEL  Q1709693
NO_LABEL  Q1713794
NO_LABEL  Q1721462
NO_LABEL  Q1721492
NO_LABEL  Q1721923
NO_LABEL  Q1727306
NO_LABEL  Q1728067
NO_LABEL  Q1735534
NO_LABEL  Q1736880
NO_LABEL  Q1737561
NO_LABEL  Q1743803
NO_LABEL  Q1746214
NO_LABEL  Q1750193
